Fri Dec 19 06:26:48 UTC 2025 manual heartbeat
Fri Dec 19 06:34:01 UTC 2025 heartbeat
Fri Dec 19 06:35:01 UTC 2025 heartbeat
Fri Dec 19 06:36:01 UTC 2025 heartbeat
Fri Dec 19 06:37:01 UTC 2025 heartbeat
Fri Dec 19 06:38:01 UTC 2025 heartbeat
Fri Dec 19 06:39:01 UTC 2025 heartbeat
Fri Dec 19 06:40:01 UTC 2025 heartbeat
Fri Dec 19 06:41:01 UTC 2025 heartbeat
Fri Dec 19 06:42:01 UTC 2025 heartbeat
Fri Dec 19 06:43:01 UTC 2025 heartbeat
Fri Dec 19 06:44:01 UTC 2025 heartbeat
Fri Dec 19 06:45:01 UTC 2025 heartbeat
Fri Dec 19 06:46:01 UTC 2025 heartbeat
Fri Dec 19 06:47:01 UTC 2025 heartbeat
Fri Dec 19 06:48:01 UTC 2025 heartbeat
Fri Dec 19 06:49:01 UTC 2025 heartbeat
Fri Dec 19 06:50:01 UTC 2025 heartbeat
Fri Dec 19 06:51:01 UTC 2025 heartbeat
Fri Dec 19 06:52:01 UTC 2025 heartbeat
Fri Dec 19 06:53:01 UTC 2025 heartbeat
Fri Dec 19 06:54:01 UTC 2025 heartbeat
Fri Dec 19 06:55:01 UTC 2025 heartbeat
Fri Dec 19 06:56:01 UTC 2025 heartbeat
Fri Dec 19 06:57:01 UTC 2025 heartbeat
Fri Dec 19 06:58:01 UTC 2025 heartbeat
Fri Dec 19 06:59:01 UTC 2025 heartbeat
Fri Dec 19 07:00:01 UTC 2025 heartbeat
Fri Dec 19 07:01:01 UTC 2025 heartbeat
Fri Dec 19 07:02:01 UTC 2025 heartbeat
Fri Dec 19 07:06:08 UTC 2025 heartbeat
Fri Dec 19 07:07:01 UTC 2025 heartbeat
Fri Dec 19 07:54:47 UTC 2025 heartbeat
Fri Dec 19 07:55:01 UTC 2025 heartbeat
Fri Dec 19 07:56:01 UTC 2025 heartbeat
Fri Dec 19 07:57:01 UTC 2025 heartbeat
Fri Dec 19 07:58:01 UTC 2025 heartbeat
Fri Dec 19 07:59:01 UTC 2025 heartbeat
Fri Dec 19 08:00:01 UTC 2025 heartbeat
Fri Dec 19 08:01:01 UTC 2025 heartbeat
Fri Dec 19 08:02:01 UTC 2025 heartbeat
Fri Dec 19 08:03:01 UTC 2025 heartbeat
Fri Dec 19 08:04:01 UTC 2025 heartbeat
Fri Dec 19 08:05:01 UTC 2025 heartbeat
Fri Dec 19 08:06:01 UTC 2025 heartbeat
Fri Dec 19 08:07:01 UTC 2025 heartbeat
Fri Dec 19 08:08:01 UTC 2025 heartbeat
Fri Dec 19 08:09:01 UTC 2025 heartbeat
Fri Dec 19 08:10:01 UTC 2025 heartbeat
Fri Dec 19 08:11:01 UTC 2025 heartbeat
Fri Dec 19 08:12:01 UTC 2025 heartbeat
Fri Dec 19 08:13:01 UTC 2025 heartbeat
Fri Dec 19 08:14:01 UTC 2025 heartbeat
Fri Dec 19 08:15:01 UTC 2025 heartbeat
Fri Dec 19 08:16:01 UTC 2025 heartbeat
Fri Dec 19 08:17:01 UTC 2025 heartbeat
Fri Dec 19 08:18:01 UTC 2025 heartbeat
Fri Dec 19 08:19:02 UTC 2025 heartbeat
Fri Dec 19 08:20:01 UTC 2025 heartbeat
Fri Dec 19 08:21:01 UTC 2025 heartbeat
Fri Dec 19 08:22:01 UTC 2025 heartbeat
Fri Dec 19 08:23:01 UTC 2025 heartbeat
Fri Dec 19 08:24:01 UTC 2025 heartbeat
Fri Dec 19 08:25:01 UTC 2025 heartbeat
Fri Dec 19 08:26:01 UTC 2025 heartbeat
Fri Dec 19 08:27:01 UTC 2025 heartbeat
Fri Dec 19 08:28:01 UTC 2025 heartbeat
Fri Dec 19 08:29:01 UTC 2025 heartbeat
Fri Dec 19 08:30:01 UTC 2025 heartbeat
Fri Dec 19 08:31:01 UTC 2025 heartbeat
Fri Dec 19 08:32:01 UTC 2025 heartbeat
Fri Dec 19 08:33:01 UTC 2025 heartbeat
Fri Dec 19 08:34:01 UTC 2025 heartbeat
Fri Dec 19 08:35:01 UTC 2025 heartbeat
Fri Dec 19 08:36:01 UTC 2025 heartbeat
Fri Dec 19 08:37:01 UTC 2025 heartbeat
Fri Dec 19 08:38:01 UTC 2025 heartbeat
Fri Dec 19 08:39:01 UTC 2025 heartbeat
Fri Dec 19 08:40:01 UTC 2025 heartbeat
Fri Dec 19 08:41:01 UTC 2025 heartbeat
Fri Dec 19 08:42:01 UTC 2025 heartbeat
Fri Dec 19 08:43:01 UTC 2025 heartbeat
Fri Dec 19 08:44:01 UTC 2025 heartbeat
Fri Dec 19 08:45:01 UTC 2025 heartbeat
Fri Dec 19 08:46:01 UTC 2025 heartbeat
Fri Dec 19 08:47:01 UTC 2025 heartbeat
Fri Dec 19 08:48:01 UTC 2025 heartbeat
Fri Dec 19 08:49:01 UTC 2025 heartbeat
Fri Dec 19 08:50:01 UTC 2025 heartbeat
Fri Dec 19 08:51:01 UTC 2025 heartbeat
Fri Dec 19 08:52:01 UTC 2025 heartbeat
Fri Dec 19 08:53:01 UTC 2025 heartbeat
Fri Dec 19 08:54:01 UTC 2025 heartbeat
Fri Dec 19 08:55:01 UTC 2025 heartbeat
Fri Dec 19 08:56:01 UTC 2025 heartbeat
Fri Dec 19 08:57:01 UTC 2025 heartbeat
Fri Dec 19 08:58:01 UTC 2025 heartbeat
Fri Dec 19 08:59:01 UTC 2025 heartbeat
Fri Dec 19 09:00:01 UTC 2025 heartbeat
Fri Dec 19 09:01:01 UTC 2025 heartbeat
Fri Dec 19 09:02:01 UTC 2025 heartbeat
Fri Dec 19 09:03:01 UTC 2025 heartbeat
Fri Dec 19 09:04:01 UTC 2025 heartbeat
Fri Dec 19 09:05:01 UTC 2025 heartbeat
Fri Dec 19 09:06:01 UTC 2025 heartbeat
Fri Dec 19 09:07:01 UTC 2025 heartbeat
Fri Dec 19 09:08:01 UTC 2025 heartbeat
Fri Dec 19 09:09:01 UTC 2025 heartbeat
Fri Dec 19 09:10:01 UTC 2025 heartbeat
Fri Dec 19 09:11:01 UTC 2025 heartbeat
Fri Dec 19 09:12:01 UTC 2025 heartbeat
Fri Dec 19 09:13:01 UTC 2025 heartbeat
Fri Dec 19 09:14:01 UTC 2025 heartbeat
Fri Dec 19 09:15:01 UTC 2025 heartbeat
Fri Dec 19 09:16:01 UTC 2025 heartbeat
Fri Dec 19 09:17:01 UTC 2025 heartbeat
Fri Dec 19 09:18:01 UTC 2025 heartbeat
Fri Dec 19 09:19:01 UTC 2025 heartbeat
Fri Dec 19 09:20:01 UTC 2025 heartbeat
Fri Dec 19 09:21:01 UTC 2025 heartbeat
Fri Dec 19 09:22:01 UTC 2025 heartbeat
Fri Dec 19 09:23:01 UTC 2025 heartbeat
Fri Dec 19 09:24:02 UTC 2025 heartbeat
Fri Dec 19 09:25:01 UTC 2025 heartbeat
Fri Dec 19 09:26:01 UTC 2025 heartbeat
Fri Dec 19 09:27:01 UTC 2025 heartbeat
Fri Dec 19 09:28:01 UTC 2025 heartbeat
Fri Dec 19 09:29:01 UTC 2025 heartbeat
Fri Dec 19 09:30:01 UTC 2025 heartbeat
Fri Dec 19 09:31:01 UTC 2025 heartbeat
Fri Dec 19 09:32:01 UTC 2025 heartbeat
Fri Dec 19 09:33:01 UTC 2025 heartbeat
Fri Dec 19 09:34:01 UTC 2025 heartbeat
Fri Dec 19 09:35:01 UTC 2025 heartbeat
Fri Dec 19 09:36:01 UTC 2025 heartbeat
Fri Dec 19 09:37:01 UTC 2025 heartbeat
Fri Dec 19 09:38:01 UTC 2025 heartbeat
Fri Dec 19 09:39:01 UTC 2025 heartbeat
Mon Dec 22 13:17:01 UTC 2025 heartbeat
Mon Dec 22 13:18:01 UTC 2025 heartbeat
Mon Dec 22 13:19:01 UTC 2025 heartbeat
Mon Dec 22 13:20:01 UTC 2025 heartbeat
Mon Dec 22 13:21:01 UTC 2025 heartbeat
Mon Dec 22 13:22:01 UTC 2025 heartbeat
Mon Dec 22 13:23:01 UTC 2025 heartbeat
Mon Dec 22 13:24:01 UTC 2025 heartbeat
Mon Dec 22 13:25:01 UTC 2025 heartbeat
Mon Dec 22 13:26:01 UTC 2025 heartbeat
Mon Dec 22 13:27:01 UTC 2025 heartbeat
Mon Dec 22 13:28:01 UTC 2025 heartbeat
Mon Dec 22 13:29:01 UTC 2025 heartbeat
Mon Dec 22 13:30:01 UTC 2025 heartbeat
Mon Dec 22 13:31:01 UTC 2025 heartbeat
Mon Dec 22 13:32:01 UTC 2025 heartbeat
Mon Dec 22 13:33:01 UTC 2025 heartbeat
Mon Dec 22 13:34:01 UTC 2025 heartbeat
Mon Dec 22 13:35:01 UTC 2025 heartbeat
Mon Dec 22 13:36:01 UTC 2025 heartbeat
Mon Dec 22 13:37:01 UTC 2025 heartbeat
Mon Dec 22 13:38:01 UTC 2025 heartbeat
Mon Dec 22 13:39:01 UTC 2025 heartbeat
Mon Dec 22 13:40:01 UTC 2025 heartbeat
Mon Dec 22 13:41:01 UTC 2025 heartbeat
Mon Dec 22 13:42:01 UTC 2025 heartbeat
Mon Dec 22 13:43:01 UTC 2025 heartbeat
Mon Dec 22 13:44:01 UTC 2025 heartbeat
Mon Dec 22 13:45:01 UTC 2025 heartbeat
Mon Dec 22 13:46:01 UTC 2025 heartbeat
Mon Dec 22 13:47:01 UTC 2025 heartbeat
Mon Dec 22 13:48:01 UTC 2025 heartbeat
Mon Dec 22 13:49:01 UTC 2025 heartbeat
Mon Dec 22 13:50:01 UTC 2025 heartbeat
Mon Dec 22 13:51:01 UTC 2025 heartbeat
Mon Dec 22 13:52:01 UTC 2025 heartbeat
Mon Dec 22 13:53:01 UTC 2025 heartbeat
Mon Dec 22 13:54:01 UTC 2025 heartbeat
Mon Dec 22 13:55:01 UTC 2025 heartbeat
Mon Dec 22 13:56:01 UTC 2025 heartbeat
Mon Dec 22 13:57:01 UTC 2025 heartbeat
Mon Dec 22 13:58:01 UTC 2025 heartbeat
Mon Dec 22 13:59:01 UTC 2025 heartbeat
Mon Dec 22 14:00:01 UTC 2025 heartbeat
Mon Dec 22 14:01:02 UTC 2025 heartbeat
Mon Dec 22 14:02:01 UTC 2025 heartbeat
Mon Dec 22 14:03:01 UTC 2025 heartbeat
Mon Dec 22 14:04:01 UTC 2025 heartbeat
Mon Dec 22 14:05:01 UTC 2025 heartbeat
Mon Dec 22 14:06:01 UTC 2025 heartbeat
Mon Dec 22 14:07:01 UTC 2025 heartbeat
Mon Dec 22 14:08:01 UTC 2025 heartbeat
Mon Dec 22 14:09:01 UTC 2025 heartbeat
Mon Dec 22 14:10:01 UTC 2025 heartbeat
Mon Dec 22 14:11:01 UTC 2025 heartbeat
Mon Dec 22 14:12:01 UTC 2025 heartbeat
Mon Dec 22 14:13:01 UTC 2025 heartbeat
Mon Dec 22 14:14:01 UTC 2025 heartbeat
Mon Dec 22 14:15:01 UTC 2025 heartbeat
Mon Dec 22 14:16:01 UTC 2025 heartbeat
Mon Dec 22 14:17:01 UTC 2025 heartbeat
Mon Dec 22 14:18:01 UTC 2025 heartbeat
Mon Dec 22 14:19:01 UTC 2025 heartbeat
Mon Dec 22 14:20:01 UTC 2025 heartbeat
Mon Dec 22 14:21:01 UTC 2025 heartbeat
Mon Dec 22 14:22:01 UTC 2025 heartbeat
Mon Dec 22 14:23:01 UTC 2025 heartbeat
Mon Dec 22 14:24:01 UTC 2025 heartbeat
Mon Dec 22 14:25:01 UTC 2025 heartbeat
Mon Dec 22 14:26:01 UTC 2025 heartbeat
Mon Dec 22 14:27:01 UTC 2025 heartbeat
Mon Dec 22 14:28:01 UTC 2025 heartbeat
Mon Dec 22 14:29:01 UTC 2025 heartbeat
Mon Dec 22 14:30:01 UTC 2025 heartbeat
Mon Dec 22 14:31:01 UTC 2025 heartbeat
Mon Dec 22 14:32:01 UTC 2025 heartbeat
Mon Dec 22 14:33:01 UTC 2025 heartbeat
Mon Dec 22 14:34:01 UTC 2025 heartbeat
Mon Dec 22 14:35:01 UTC 2025 heartbeat
Mon Dec 22 14:36:01 UTC 2025 heartbeat
Mon Dec 22 14:37:01 UTC 2025 heartbeat
Mon Dec 22 14:38:01 UTC 2025 heartbeat
Mon Dec 22 14:39:01 UTC 2025 heartbeat
Mon Dec 22 14:40:01 UTC 2025 heartbeat
Mon Dec 22 15:15:18 UTC 2025 heartbeat
Mon Dec 22 15:16:01 UTC 2025 heartbeat
Mon Dec 22 15:17:00 UTC 2025 heartbeat
Mon Dec 22 15:18:01 UTC 2025 heartbeat
Mon Dec 22 15:19:01 UTC 2025 heartbeat
Mon Dec 22 15:40:55 UTC 2025 heartbeat
Mon Dec 22 15:41:01 UTC 2025 heartbeat
Mon Dec 22 15:42:01 UTC 2025 heartbeat
Mon Dec 22 15:43:01 UTC 2025 heartbeat
Mon Dec 22 15:44:01 UTC 2025 heartbeat
Mon Dec 22 15:45:01 UTC 2025 heartbeat
Mon Dec 22 15:46:01 UTC 2025 heartbeat
Mon Dec 22 15:47:01 UTC 2025 heartbeat
Mon Dec 22 15:48:01 UTC 2025 heartbeat
Mon Dec 22 15:49:01 UTC 2025 heartbeat
Mon Dec 22 15:50:01 UTC 2025 heartbeat
Mon Dec 22 15:51:01 UTC 2025 heartbeat
Mon Dec 22 15:52:01 UTC 2025 heartbeat
Mon Dec 22 15:53:01 UTC 2025 heartbeat
Mon Dec 22 15:54:01 UTC 2025 heartbeat
Mon Dec 22 15:55:01 UTC 2025 heartbeat
Mon Dec 22 15:56:01 UTC 2025 heartbeat
Mon Dec 22 15:57:01 UTC 2025 heartbeat
Mon Dec 22 15:58:01 UTC 2025 heartbeat
Mon Dec 22 15:59:01 UTC 2025 heartbeat
Mon Dec 22 16:00:01 UTC 2025 heartbeat
Mon Dec 22 16:01:01 UTC 2025 heartbeat
Mon Dec 22 16:07:23 UTC 2025 heartbeat
Mon Dec 22 16:08:01 UTC 2025 heartbeat
Mon Dec 22 16:09:01 UTC 2025 heartbeat
Mon Dec 22 16:10:01 UTC 2025 heartbeat
Mon Dec 22 16:11:01 UTC 2025 heartbeat
Mon Dec 22 16:12:01 UTC 2025 heartbeat
Mon Dec 22 16:13:01 UTC 2025 heartbeat
Mon Dec 22 16:14:01 UTC 2025 heartbeat
Mon Dec 22 16:15:01 UTC 2025 heartbeat
Mon Dec 22 16:16:01 UTC 2025 heartbeat
Mon Dec 22 16:17:01 UTC 2025 heartbeat
Mon Dec 22 16:18:01 UTC 2025 heartbeat
Mon Dec 22 16:19:01 UTC 2025 heartbeat
Mon Dec 22 16:20:01 UTC 2025 heartbeat
Mon Dec 22 16:21:01 UTC 2025 heartbeat
Mon Dec 22 16:22:01 UTC 2025 heartbeat
Mon Dec 22 16:23:01 UTC 2025 heartbeat
Mon Dec 22 16:24:01 UTC 2025 heartbeat
Mon Dec 22 16:25:01 UTC 2025 heartbeat
Mon Dec 22 16:26:01 UTC 2025 heartbeat
Mon Dec 22 16:27:01 UTC 2025 heartbeat
Mon Dec 22 16:28:01 UTC 2025 heartbeat
Mon Dec 22 16:29:01 UTC 2025 heartbeat
Mon Dec 22 16:30:01 UTC 2025 heartbeat
Mon Dec 22 16:31:01 UTC 2025 heartbeat
Mon Dec 22 16:32:01 UTC 2025 heartbeat
Mon Dec 22 16:33:01 UTC 2025 heartbeat
Mon Dec 22 16:34:01 UTC 2025 heartbeat
Mon Dec 22 16:35:01 UTC 2025 heartbeat
Mon Dec 22 16:36:01 UTC 2025 heartbeat
Mon Dec 22 16:45:53 UTC 2025 heartbeat
Mon Dec 22 16:46:01 UTC 2025 heartbeat
Mon Dec 22 16:47:01 UTC 2025 heartbeat
Mon Dec 22 16:48:01 UTC 2025 heartbeat
Mon Dec 22 16:49:01 UTC 2025 heartbeat
Mon Dec 22 16:50:01 UTC 2025 heartbeat
Mon Dec 22 16:51:01 UTC 2025 heartbeat
Mon Dec 22 16:52:01 UTC 2025 heartbeat
Mon Dec 22 16:53:01 UTC 2025 heartbeat
Mon Dec 22 16:54:01 UTC 2025 heartbeat
Mon Dec 22 16:55:01 UTC 2025 heartbeat
Mon Dec 22 16:56:37 UTC 2025 heartbeat
Thu Dec 25 05:17:01 UTC 2025 heartbeat
Thu Dec 25 05:18:01 UTC 2025 heartbeat
Thu Dec 25 05:19:01 UTC 2025 heartbeat
Thu Dec 25 05:20:01 UTC 2025 heartbeat
Thu Dec 25 05:21:01 UTC 2025 heartbeat
Thu Dec 25 05:22:01 UTC 2025 heartbeat
Thu Dec 25 05:38:01 UTC 2025 heartbeat
Thu Dec 25 05:39:01 UTC 2025 heartbeat
Thu Dec 25 05:40:01 UTC 2025 heartbeat
Thu Dec 25 05:41:01 UTC 2025 heartbeat
Thu Dec 25 05:42:01 UTC 2025 heartbeat
Thu Dec 25 05:43:01 UTC 2025 heartbeat
Thu Dec 25 05:44:01 UTC 2025 heartbeat
Thu Dec 25 05:45:01 UTC 2025 heartbeat
Thu Dec 25 05:46:01 UTC 2025 heartbeat
Thu Dec 25 05:47:01 UTC 2025 heartbeat
Thu Dec 25 05:48:01 UTC 2025 heartbeat
Thu Dec 25 05:49:01 UTC 2025 heartbeat
Thu Dec 25 05:50:01 UTC 2025 heartbeat
Thu Dec 25 05:51:01 UTC 2025 heartbeat
Thu Dec 25 05:52:01 UTC 2025 heartbeat
Thu Dec 25 05:53:01 UTC 2025 heartbeat
Thu Dec 25 05:54:01 UTC 2025 heartbeat
Thu Dec 25 05:55:01 UTC 2025 heartbeat
Thu Dec 25 05:56:01 UTC 2025 heartbeat
Thu Dec 25 05:57:01 UTC 2025 heartbeat
Thu Dec 25 05:58:01 UTC 2025 heartbeat
Thu Dec 25 05:59:01 UTC 2025 heartbeat
Thu Dec 25 06:00:01 UTC 2025 heartbeat
Thu Dec 25 06:01:01 UTC 2025 heartbeat
Thu Dec 25 06:02:01 UTC 2025 heartbeat
Thu Dec 25 06:03:01 UTC 2025 heartbeat
Thu Dec 25 06:04:01 UTC 2025 heartbeat
Thu Dec 25 06:05:01 UTC 2025 heartbeat
Thu Dec 25 06:06:01 UTC 2025 heartbeat
Thu Dec 25 06:07:01 UTC 2025 heartbeat
Thu Dec 25 06:08:01 UTC 2025 heartbeat
Thu Dec 25 06:09:01 UTC 2025 heartbeat
Thu Dec 25 06:10:01 UTC 2025 heartbeat
Thu Dec 25 06:11:01 UTC 2025 heartbeat
Thu Dec 25 06:12:01 UTC 2025 heartbeat
Thu Dec 25 06:13:01 UTC 2025 heartbeat
Thu Dec 25 06:14:01 UTC 2025 heartbeat
Thu Dec 25 06:15:01 UTC 2025 heartbeat
Thu Dec 25 06:16:01 UTC 2025 heartbeat
Thu Dec 25 06:17:01 UTC 2025 heartbeat
Thu Dec 25 06:18:01 UTC 2025 heartbeat
Thu Dec 25 06:19:01 UTC 2025 heartbeat
Thu Dec 25 06:20:01 UTC 2025 heartbeat
Thu Dec 25 06:21:01 UTC 2025 heartbeat
Thu Dec 25 06:22:01 UTC 2025 heartbeat
Thu Dec 25 06:23:01 UTC 2025 heartbeat
Thu Dec 25 06:24:01 UTC 2025 heartbeat
Thu Dec 25 06:25:01 UTC 2025 heartbeat
Thu Dec 25 06:26:01 UTC 2025 heartbeat
Thu Dec 25 06:27:01 UTC 2025 heartbeat
Thu Dec 25 06:28:01 UTC 2025 heartbeat
Thu Dec 25 06:29:01 UTC 2025 heartbeat
Thu Dec 25 06:30:01 UTC 2025 heartbeat
Thu Dec 25 06:31:01 UTC 2025 heartbeat
Thu Dec 25 06:32:01 UTC 2025 heartbeat
Thu Dec 25 06:33:01 UTC 2025 heartbeat
Thu Dec 25 06:34:01 UTC 2025 heartbeat
Thu Dec 25 06:35:01 UTC 2025 heartbeat
Thu Dec 25 06:36:01 UTC 2025 heartbeat
Thu Dec 25 06:37:01 UTC 2025 heartbeat
Thu Dec 25 06:38:01 UTC 2025 heartbeat
Thu Dec 25 06:39:01 UTC 2025 heartbeat
Thu Dec 25 06:40:01 UTC 2025 heartbeat
Thu Dec 25 06:41:01 UTC 2025 heartbeat
Thu Dec 25 06:42:01 UTC 2025 heartbeat
Thu Dec 25 06:43:01 UTC 2025 heartbeat
Thu Dec 25 06:44:01 UTC 2025 heartbeat
Thu Dec 25 06:45:01 UTC 2025 heartbeat
Thu Dec 25 06:46:01 UTC 2025 heartbeat
Thu Dec 25 06:47:01 UTC 2025 heartbeat
Thu Dec 25 06:48:01 UTC 2025 heartbeat
Thu Dec 25 06:49:01 UTC 2025 heartbeat
Thu Dec 25 06:50:01 UTC 2025 heartbeat
Thu Dec 25 06:51:01 UTC 2025 heartbeat
Thu Dec 25 06:52:01 UTC 2025 heartbeat
Thu Dec 25 06:53:01 UTC 2025 heartbeat
Thu Dec 25 06:54:01 UTC 2025 heartbeat
Thu Dec 25 06:55:01 UTC 2025 heartbeat
Thu Dec 25 06:56:01 UTC 2025 heartbeat
Thu Dec 25 06:57:01 UTC 2025 heartbeat
Thu Dec 25 06:58:01 UTC 2025 heartbeat
Thu Dec 25 06:59:01 UTC 2025 heartbeat
Thu Dec 25 07:00:01 UTC 2025 heartbeat
Thu Dec 25 07:01:01 UTC 2025 heartbeat
Thu Dec 25 07:02:01 UTC 2025 heartbeat
Thu Dec 25 07:03:01 UTC 2025 heartbeat
Thu Dec 25 07:04:01 UTC 2025 heartbeat
Thu Dec 25 07:05:01 UTC 2025 heartbeat
Thu Dec 25 07:06:01 UTC 2025 heartbeat
Thu Dec 25 07:07:01 UTC 2025 heartbeat
Thu Dec 25 07:08:01 UTC 2025 heartbeat
Thu Dec 25 07:09:01 UTC 2025 heartbeat
Thu Dec 25 07:10:01 UTC 2025 heartbeat
Thu Dec 25 07:11:01 UTC 2025 heartbeat
Thu Dec 25 07:12:01 UTC 2025 heartbeat
Thu Dec 25 07:13:01 UTC 2025 heartbeat
Thu Dec 25 07:14:01 UTC 2025 heartbeat
Thu Dec 25 07:15:01 UTC 2025 heartbeat
Thu Dec 25 07:16:01 UTC 2025 heartbeat
Thu Dec 25 07:17:01 UTC 2025 heartbeat
Thu Dec 25 07:18:01 UTC 2025 heartbeat
Thu Dec 25 07:19:01 UTC 2025 heartbeat
Thu Dec 25 07:20:01 UTC 2025 heartbeat
Thu Dec 25 07:21:01 UTC 2025 heartbeat
Thu Dec 25 07:22:01 UTC 2025 heartbeat
Thu Dec 25 07:23:01 UTC 2025 heartbeat
Thu Dec 25 07:24:01 UTC 2025 heartbeat
Thu Dec 25 07:25:01 UTC 2025 heartbeat
Thu Dec 25 07:26:01 UTC 2025 heartbeat
Thu Dec 25 07:27:01 UTC 2025 heartbeat
Thu Dec 25 07:28:01 UTC 2025 heartbeat
Thu Dec 25 07:29:01 UTC 2025 heartbeat
Thu Dec 25 07:30:01 UTC 2025 heartbeat
Thu Dec 25 07:31:01 UTC 2025 heartbeat
Thu Dec 25 07:32:01 UTC 2025 heartbeat
Thu Dec 25 07:33:01 UTC 2025 heartbeat
Thu Dec 25 07:34:01 UTC 2025 heartbeat
Thu Dec 25 07:35:01 UTC 2025 heartbeat
Thu Dec 25 07:36:01 UTC 2025 heartbeat
Thu Dec 25 07:37:01 UTC 2025 heartbeat
Thu Dec 25 07:38:01 UTC 2025 heartbeat
Thu Dec 25 07:39:01 UTC 2025 heartbeat
Thu Dec 25 07:40:01 UTC 2025 heartbeat
Thu Dec 25 07:41:01 UTC 2025 heartbeat
Thu Dec 25 07:42:01 UTC 2025 heartbeat
Thu Dec 25 07:43:01 UTC 2025 heartbeat
Thu Dec 25 07:44:01 UTC 2025 heartbeat
Thu Dec 25 07:45:01 UTC 2025 heartbeat
Thu Dec 25 07:46:01 UTC 2025 heartbeat
Thu Dec 25 07:47:01 UTC 2025 heartbeat
Thu Dec 25 07:48:01 UTC 2025 heartbeat
Thu Dec 25 07:49:01 UTC 2025 heartbeat
Thu Dec 25 07:50:01 UTC 2025 heartbeat
Thu Dec 25 07:51:01 UTC 2025 heartbeat
Thu Dec 25 07:52:02 UTC 2025 heartbeat
Thu Dec 25 07:53:01 UTC 2025 heartbeat
Thu Dec 25 07:54:01 UTC 2025 heartbeat
Thu Dec 25 07:55:01 UTC 2025 heartbeat
Thu Dec 25 07:56:01 UTC 2025 heartbeat
Thu Dec 25 07:57:01 UTC 2025 heartbeat
Thu Dec 25 07:58:01 UTC 2025 heartbeat
Thu Dec 25 07:59:01 UTC 2025 heartbeat
Thu Dec 25 08:00:01 UTC 2025 heartbeat
Thu Dec 25 08:01:01 UTC 2025 heartbeat
Thu Dec 25 08:02:01 UTC 2025 heartbeat
Thu Dec 25 08:03:01 UTC 2025 heartbeat
Thu Dec 25 08:04:01 UTC 2025 heartbeat
Thu Dec 25 08:05:01 UTC 2025 heartbeat
Thu Dec 25 08:06:01 UTC 2025 heartbeat
Thu Dec 25 08:07:01 UTC 2025 heartbeat
Thu Dec 25 08:08:01 UTC 2025 heartbeat
Thu Dec 25 08:09:01 UTC 2025 heartbeat
Thu Dec 25 08:10:01 UTC 2025 heartbeat
Thu Dec 25 08:53:29 UTC 2025 heartbeat
Thu Dec 25 08:54:01 UTC 2025 heartbeat
Thu Dec 25 08:55:01 UTC 2025 heartbeat
Thu Dec 25 08:56:01 UTC 2025 heartbeat
Thu Dec 25 08:57:01 UTC 2025 heartbeat
Thu Dec 25 08:58:01 UTC 2025 heartbeat
Thu Dec 25 08:59:01 UTC 2025 heartbeat
Thu Dec 25 09:00:01 UTC 2025 heartbeat
Thu Dec 25 09:01:01 UTC 2025 heartbeat
Thu Dec 25 09:02:01 UTC 2025 heartbeat
Thu Dec 25 09:03:01 UTC 2025 heartbeat
Thu Dec 25 09:04:01 UTC 2025 heartbeat
Thu Dec 25 09:05:01 UTC 2025 heartbeat
Thu Dec 25 09:06:01 UTC 2025 heartbeat
Thu Dec 25 09:07:01 UTC 2025 heartbeat
Thu Dec 25 09:08:01 UTC 2025 heartbeat
Thu Dec 25 09:09:01 UTC 2025 heartbeat
Thu Dec 25 09:10:01 UTC 2025 heartbeat
Thu Dec 25 09:11:01 UTC 2025 heartbeat
Thu Dec 25 09:12:01 UTC 2025 heartbeat
Thu Dec 25 09:13:01 UTC 2025 heartbeat
Thu Dec 25 09:14:01 UTC 2025 heartbeat
Thu Dec 25 09:15:01 UTC 2025 heartbeat
Thu Dec 25 09:16:01 UTC 2025 heartbeat
Thu Dec 25 09:17:01 UTC 2025 heartbeat
Thu Dec 25 09:18:01 UTC 2025 heartbeat
Thu Dec 25 09:19:01 UTC 2025 heartbeat
Thu Dec 25 09:20:01 UTC 2025 heartbeat
Thu Dec 25 09:21:01 UTC 2025 heartbeat
Thu Dec 25 09:22:01 UTC 2025 heartbeat
Thu Dec 25 09:23:01 UTC 2025 heartbeat
Thu Dec 25 09:24:01 UTC 2025 heartbeat
Thu Dec 25 09:25:01 UTC 2025 heartbeat
Thu Dec 25 09:26:01 UTC 2025 heartbeat
Thu Dec 25 09:27:01 UTC 2025 heartbeat
Thu Dec 25 09:28:01 UTC 2025 heartbeat
Thu Dec 25 09:29:01 UTC 2025 heartbeat
Thu Dec 25 09:30:01 UTC 2025 heartbeat
Thu Dec 25 09:31:01 UTC 2025 heartbeat
Thu Dec 25 09:32:01 UTC 2025 heartbeat
Thu Dec 25 09:33:01 UTC 2025 heartbeat
Thu Dec 25 09:34:01 UTC 2025 heartbeat
Thu Dec 25 09:35:01 UTC 2025 heartbeat
Thu Dec 25 09:36:01 UTC 2025 heartbeat
Thu Dec 25 09:37:01 UTC 2025 heartbeat
Thu Dec 25 09:38:01 UTC 2025 heartbeat
Thu Dec 25 09:39:01 UTC 2025 heartbeat
Thu Dec 25 09:40:01 UTC 2025 heartbeat
Thu Dec 25 09:41:01 UTC 2025 heartbeat
Thu Dec 25 09:42:01 UTC 2025 heartbeat
Thu Dec 25 09:43:01 UTC 2025 heartbeat
Thu Dec 25 09:44:01 UTC 2025 heartbeat
Thu Dec 25 09:45:01 UTC 2025 heartbeat
Thu Dec 25 09:46:01 UTC 2025 heartbeat
Thu Dec 25 09:47:01 UTC 2025 heartbeat
Thu Dec 25 09:48:01 UTC 2025 heartbeat
Thu Dec 25 09:49:01 UTC 2025 heartbeat
Thu Dec 25 09:50:01 UTC 2025 heartbeat
Thu Dec 25 09:51:01 UTC 2025 heartbeat
Thu Dec 25 09:52:01 UTC 2025 heartbeat
Thu Dec 25 09:53:01 UTC 2025 heartbeat
Thu Dec 25 09:54:01 UTC 2025 heartbeat
Thu Dec 25 09:55:01 UTC 2025 heartbeat
Thu Dec 25 09:56:01 UTC 2025 heartbeat
Thu Dec 25 09:57:01 UTC 2025 heartbeat
Thu Dec 25 09:58:01 UTC 2025 heartbeat
Thu Dec 25 09:59:01 UTC 2025 heartbeat
Thu Dec 25 10:00:01 UTC 2025 heartbeat
Thu Dec 25 10:01:01 UTC 2025 heartbeat
Thu Dec 25 10:02:01 UTC 2025 heartbeat
Thu Dec 25 10:03:01 UTC 2025 heartbeat
Thu Dec 25 10:04:01 UTC 2025 heartbeat
Thu Dec 25 10:05:02 UTC 2025 heartbeat
Thu Dec 25 10:06:01 UTC 2025 heartbeat
Thu Dec 25 10:07:01 UTC 2025 heartbeat
Thu Dec 25 10:08:01 UTC 2025 heartbeat
Thu Dec 25 10:09:01 UTC 2025 heartbeat
Thu Dec 25 10:10:01 UTC 2025 heartbeat
Thu Dec 25 10:11:01 UTC 2025 heartbeat
Thu Dec 25 10:12:01 UTC 2025 heartbeat
Thu Dec 25 10:13:01 UTC 2025 heartbeat
Thu Dec 25 10:14:01 UTC 2025 heartbeat
Thu Dec 25 10:15:01 UTC 2025 heartbeat
Thu Dec 25 10:16:01 UTC 2025 heartbeat
Thu Dec 25 10:17:01 UTC 2025 heartbeat
Thu Dec 25 10:18:01 UTC 2025 heartbeat
Thu Dec 25 10:19:01 UTC 2025 heartbeat
Thu Dec 25 10:20:01 UTC 2025 heartbeat
Thu Dec 25 10:21:01 UTC 2025 heartbeat
Thu Dec 25 10:22:01 UTC 2025 heartbeat
Thu Dec 25 10:23:01 UTC 2025 heartbeat
Thu Dec 25 10:24:01 UTC 2025 heartbeat
Thu Dec 25 10:25:01 UTC 2025 heartbeat
Thu Dec 25 10:26:01 UTC 2025 heartbeat
Thu Dec 25 10:27:01 UTC 2025 heartbeat
Thu Dec 25 10:28:01 UTC 2025 heartbeat
Thu Dec 25 10:29:01 UTC 2025 heartbeat
Thu Dec 25 10:30:01 UTC 2025 heartbeat
Thu Dec 25 10:31:01 UTC 2025 heartbeat
Thu Dec 25 10:32:01 UTC 2025 heartbeat
Thu Dec 25 10:33:01 UTC 2025 heartbeat
Thu Dec 25 11:13:58 UTC 2025 heartbeat
Thu Dec 25 11:14:01 UTC 2025 heartbeat
Thu Dec 25 11:15:01 UTC 2025 heartbeat
Thu Dec 25 11:16:01 UTC 2025 heartbeat
Thu Dec 25 11:17:01 UTC 2025 heartbeat
Thu Dec 25 11:18:46 UTC 2025 heartbeat
Thu Dec 25 11:19:01 UTC 2025 heartbeat
Thu Dec 25 11:20:01 UTC 2025 heartbeat
Thu Dec 25 11:21:01 UTC 2025 heartbeat
Thu Dec 25 11:56:01 UTC 2025 heartbeat
Thu Dec 25 11:57:01 UTC 2025 heartbeat
Thu Dec 25 11:58:01 UTC 2025 heartbeat
Thu Dec 25 11:59:01 UTC 2025 heartbeat
Thu Dec 25 12:00:01 UTC 2025 heartbeat
Thu Dec 25 12:01:01 UTC 2025 heartbeat
Thu Dec 25 12:02:01 UTC 2025 heartbeat
Thu Dec 25 12:03:01 UTC 2025 heartbeat
Thu Dec 25 12:04:01 UTC 2025 heartbeat
Thu Dec 25 12:05:01 UTC 2025 heartbeat
Thu Dec 25 12:06:01 UTC 2025 heartbeat
Thu Dec 25 12:07:01 UTC 2025 heartbeat
Thu Dec 25 12:08:01 UTC 2025 heartbeat
Thu Dec 25 12:09:01 UTC 2025 heartbeat
Thu Dec 25 12:10:01 UTC 2025 heartbeat
Thu Dec 25 12:11:01 UTC 2025 heartbeat
Thu Dec 25 12:12:01 UTC 2025 heartbeat
Thu Dec 25 12:13:01 UTC 2025 heartbeat
Thu Dec 25 12:14:01 UTC 2025 heartbeat
Thu Dec 25 12:15:01 UTC 2025 heartbeat
Thu Dec 25 12:16:01 UTC 2025 heartbeat
Thu Dec 25 12:17:01 UTC 2025 heartbeat
Thu Dec 25 12:18:01 UTC 2025 heartbeat
Thu Dec 25 12:19:01 UTC 2025 heartbeat
Thu Dec 25 12:20:01 UTC 2025 heartbeat
Thu Dec 25 12:21:01 UTC 2025 heartbeat
Thu Dec 25 12:22:01 UTC 2025 heartbeat
Thu Dec 25 12:23:01 UTC 2025 heartbeat
Thu Dec 25 12:24:01 UTC 2025 heartbeat
Thu Dec 25 12:25:01 UTC 2025 heartbeat
Thu Dec 25 12:26:01 UTC 2025 heartbeat
Thu Dec 25 13:11:08 UTC 2025 heartbeat
Thu Dec 25 13:12:01 UTC 2025 heartbeat
Thu Dec 25 13:13:01 UTC 2025 heartbeat
Thu Dec 25 13:14:01 UTC 2025 heartbeat
Thu Dec 25 13:15:01 UTC 2025 heartbeat
Thu Dec 25 13:16:01 UTC 2025 heartbeat
Thu Dec 25 13:17:01 UTC 2025 heartbeat
Thu Dec 25 13:18:01 UTC 2025 heartbeat
Thu Dec 25 13:19:01 UTC 2025 heartbeat
Thu Dec 25 13:20:01 UTC 2025 heartbeat
Thu Dec 25 13:21:01 UTC 2025 heartbeat
Thu Dec 25 13:22:01 UTC 2025 heartbeat
Thu Dec 25 13:23:01 UTC 2025 heartbeat
Thu Dec 25 13:24:01 UTC 2025 heartbeat
Thu Dec 25 13:25:01 UTC 2025 heartbeat
Thu Dec 25 13:26:01 UTC 2025 heartbeat
Thu Dec 25 13:27:01 UTC 2025 heartbeat
Thu Dec 25 13:28:01 UTC 2025 heartbeat
Thu Dec 25 13:29:01 UTC 2025 heartbeat
Thu Dec 25 13:30:01 UTC 2025 heartbeat
Thu Dec 25 13:31:01 UTC 2025 heartbeat
Thu Dec 25 13:32:01 UTC 2025 heartbeat
Thu Dec 25 13:33:01 UTC 2025 heartbeat
Thu Dec 25 13:34:01 UTC 2025 heartbeat
Thu Dec 25 13:35:01 UTC 2025 heartbeat
Thu Dec 25 13:36:01 UTC 2025 heartbeat
Thu Dec 25 13:37:01 UTC 2025 heartbeat
Thu Dec 25 13:38:01 UTC 2025 heartbeat
Thu Dec 25 13:39:01 UTC 2025 heartbeat
Thu Dec 25 13:40:01 UTC 2025 heartbeat
Thu Dec 25 13:41:01 UTC 2025 heartbeat
Thu Dec 25 13:42:01 UTC 2025 heartbeat
Thu Dec 25 13:43:01 UTC 2025 heartbeat
Thu Dec 25 13:44:01 UTC 2025 heartbeat
Thu Dec 25 13:45:01 UTC 2025 heartbeat
Thu Dec 25 13:46:01 UTC 2025 heartbeat
Thu Dec 25 13:47:01 UTC 2025 heartbeat
Thu Dec 25 13:48:01 UTC 2025 heartbeat
Thu Dec 25 13:49:01 UTC 2025 heartbeat
Thu Dec 25 13:50:01 UTC 2025 heartbeat
Thu Dec 25 13:51:01 UTC 2025 heartbeat
Thu Dec 25 13:52:01 UTC 2025 heartbeat
Thu Dec 25 13:53:01 UTC 2025 heartbeat
Thu Dec 25 13:54:01 UTC 2025 heartbeat
Thu Dec 25 13:55:01 UTC 2025 heartbeat
Thu Dec 25 13:56:01 UTC 2025 heartbeat
Thu Dec 25 13:57:01 UTC 2025 heartbeat
Thu Dec 25 13:58:01 UTC 2025 heartbeat
Thu Dec 25 13:59:01 UTC 2025 heartbeat
Thu Dec 25 14:00:01 UTC 2025 heartbeat
Thu Dec 25 14:01:01 UTC 2025 heartbeat
Thu Dec 25 14:02:01 UTC 2025 heartbeat
Thu Dec 25 14:03:01 UTC 2025 heartbeat
Thu Dec 25 14:04:01 UTC 2025 heartbeat
Thu Dec 25 14:05:01 UTC 2025 heartbeat
Thu Dec 25 14:06:01 UTC 2025 heartbeat
Thu Dec 25 14:07:01 UTC 2025 heartbeat
Thu Dec 25 14:08:01 UTC 2025 heartbeat
Thu Dec 25 14:09:01 UTC 2025 heartbeat
Thu Dec 25 14:10:01 UTC 2025 heartbeat
Thu Dec 25 14:11:01 UTC 2025 heartbeat
Thu Dec 25 14:12:01 UTC 2025 heartbeat
Thu Dec 25 14:13:01 UTC 2025 heartbeat
Thu Dec 25 14:14:01 UTC 2025 heartbeat
Thu Dec 25 14:15:01 UTC 2025 heartbeat
Thu Dec 25 14:16:01 UTC 2025 heartbeat
Thu Dec 25 14:17:01 UTC 2025 heartbeat
Thu Dec 25 14:18:01 UTC 2025 heartbeat
Thu Dec 25 14:19:01 UTC 2025 heartbeat
Thu Dec 25 14:20:01 UTC 2025 heartbeat
Thu Dec 25 14:21:01 UTC 2025 heartbeat
Thu Dec 25 14:22:01 UTC 2025 heartbeat
Thu Dec 25 14:23:01 UTC 2025 heartbeat
Thu Dec 25 14:24:01 UTC 2025 heartbeat
Thu Dec 25 14:25:01 UTC 2025 heartbeat
Thu Dec 25 14:26:01 UTC 2025 heartbeat
Thu Dec 25 14:27:01 UTC 2025 heartbeat
Thu Dec 25 14:28:01 UTC 2025 heartbeat
Thu Dec 25 14:29:01 UTC 2025 heartbeat
Thu Dec 25 14:30:01 UTC 2025 heartbeat
Thu Dec 25 14:31:01 UTC 2025 heartbeat
Thu Dec 25 14:32:01 UTC 2025 heartbeat
Thu Dec 25 14:33:01 UTC 2025 heartbeat
Thu Dec 25 14:34:01 UTC 2025 heartbeat
Thu Dec 25 14:35:01 UTC 2025 heartbeat
Thu Dec 25 14:36:01 UTC 2025 heartbeat
Thu Dec 25 14:37:01 UTC 2025 heartbeat
Thu Dec 25 14:38:01 UTC 2025 heartbeat
Thu Dec 25 14:39:03 UTC 2025 heartbeat
Thu Dec 25 14:40:52 UTC 2025 heartbeat
Thu Dec 25 14:41:01 UTC 2025 heartbeat
Thu Dec 25 14:42:01 UTC 2025 heartbeat
Thu Dec 25 14:43:01 UTC 2025 heartbeat
Thu Dec 25 14:44:01 UTC 2025 heartbeat
Thu Dec 25 14:45:01 UTC 2025 heartbeat
Thu Dec 25 14:46:01 UTC 2025 heartbeat
Thu Dec 25 14:47:01 UTC 2025 heartbeat
Thu Dec 25 14:48:01 UTC 2025 heartbeat
Thu Dec 25 14:49:01 UTC 2025 heartbeat
Thu Dec 25 14:50:01 UTC 2025 heartbeat
Thu Dec 25 14:51:01 UTC 2025 heartbeat
Thu Dec 25 14:52:01 UTC 2025 heartbeat
Thu Dec 25 14:53:01 UTC 2025 heartbeat
Thu Dec 25 14:54:01 UTC 2025 heartbeat
Thu Dec 25 14:55:01 UTC 2025 heartbeat
Thu Dec 25 14:56:01 UTC 2025 heartbeat
Thu Dec 25 14:57:01 UTC 2025 heartbeat
Thu Dec 25 14:58:01 UTC 2025 heartbeat
Thu Dec 25 14:59:01 UTC 2025 heartbeat
Thu Dec 25 15:00:01 UTC 2025 heartbeat
Fri Dec 26 12:15:01 UTC 2025 heartbeat
Fri Dec 26 12:16:01 UTC 2025 heartbeat
Fri Dec 26 12:17:01 UTC 2025 heartbeat
Fri Dec 26 12:18:01 UTC 2025 heartbeat
Fri Dec 26 12:19:01 UTC 2025 heartbeat
Fri Dec 26 12:20:01 UTC 2025 heartbeat
Fri Dec 26 12:21:01 UTC 2025 heartbeat
Fri Dec 26 12:22:01 UTC 2025 heartbeat
Fri Dec 26 12:23:01 UTC 2025 heartbeat
Fri Dec 26 12:24:01 UTC 2025 heartbeat
Fri Dec 26 12:25:01 UTC 2025 heartbeat
Fri Dec 26 12:26:01 UTC 2025 heartbeat
Fri Dec 26 12:27:01 UTC 2025 heartbeat
Fri Dec 26 12:28:01 UTC 2025 heartbeat
Fri Dec 26 12:29:01 UTC 2025 heartbeat
Fri Dec 26 12:30:01 UTC 2025 heartbeat
Fri Dec 26 12:31:01 UTC 2025 heartbeat
Fri Dec 26 12:32:01 UTC 2025 heartbeat
Fri Dec 26 12:33:01 UTC 2025 heartbeat
Fri Dec 26 12:34:01 UTC 2025 heartbeat
Fri Dec 26 12:35:01 UTC 2025 heartbeat
Fri Dec 26 12:36:01 UTC 2025 heartbeat
Fri Dec 26 12:37:01 UTC 2025 heartbeat
Fri Dec 26 12:38:01 UTC 2025 heartbeat
Fri Dec 26 12:39:01 UTC 2025 heartbeat
Fri Dec 26 12:40:01 UTC 2025 heartbeat
Fri Dec 26 12:41:01 UTC 2025 heartbeat
Fri Dec 26 12:42:01 UTC 2025 heartbeat
Fri Dec 26 12:43:01 UTC 2025 heartbeat
Fri Dec 26 12:44:01 UTC 2025 heartbeat
Fri Dec 26 12:45:01 UTC 2025 heartbeat
Fri Dec 26 12:46:01 UTC 2025 heartbeat
Fri Dec 26 12:47:01 UTC 2025 heartbeat
Fri Dec 26 12:48:01 UTC 2025 heartbeat
Fri Dec 26 12:49:01 UTC 2025 heartbeat
Fri Dec 26 12:50:01 UTC 2025 heartbeat
Fri Dec 26 12:51:02 UTC 2025 heartbeat
Fri Dec 26 12:52:01 UTC 2025 heartbeat
Fri Dec 26 12:53:01 UTC 2025 heartbeat
Fri Dec 26 12:54:01 UTC 2025 heartbeat
Fri Dec 26 12:55:01 UTC 2025 heartbeat
Fri Dec 26 12:56:01 UTC 2025 heartbeat
Fri Dec 26 12:57:01 UTC 2025 heartbeat
Fri Dec 26 12:58:01 UTC 2025 heartbeat
Fri Dec 26 12:59:01 UTC 2025 heartbeat
Fri Dec 26 13:00:01 UTC 2025 heartbeat
Fri Dec 26 13:01:01 UTC 2025 heartbeat
Fri Dec 26 13:02:01 UTC 2025 heartbeat
Fri Dec 26 13:03:01 UTC 2025 heartbeat
Fri Dec 26 13:04:01 UTC 2025 heartbeat
Fri Dec 26 13:05:01 UTC 2025 heartbeat
Fri Dec 26 13:06:01 UTC 2025 heartbeat
Fri Dec 26 13:07:01 UTC 2025 heartbeat
Fri Dec 26 13:08:01 UTC 2025 heartbeat
Fri Dec 26 13:09:01 UTC 2025 heartbeat
Fri Dec 26 13:10:01 UTC 2025 heartbeat
Fri Dec 26 13:11:01 UTC 2025 heartbeat
Fri Dec 26 13:12:01 UTC 2025 heartbeat
Fri Dec 26 13:13:01 UTC 2025 heartbeat
Fri Dec 26 13:14:01 UTC 2025 heartbeat
Fri Dec 26 13:15:01 UTC 2025 heartbeat
Fri Dec 26 13:16:01 UTC 2025 heartbeat
Fri Dec 26 13:17:01 UTC 2025 heartbeat
Fri Dec 26 13:18:01 UTC 2025 heartbeat
Fri Dec 26 13:19:01 UTC 2025 heartbeat
Fri Dec 26 13:20:01 UTC 2025 heartbeat
Fri Dec 26 13:21:01 UTC 2025 heartbeat
Fri Dec 26 13:22:01 UTC 2025 heartbeat
Fri Dec 26 13:23:01 UTC 2025 heartbeat
Fri Dec 26 13:24:01 UTC 2025 heartbeat
Fri Dec 26 13:25:01 UTC 2025 heartbeat
Fri Dec 26 13:26:01 UTC 2025 heartbeat
Fri Dec 26 13:27:01 UTC 2025 heartbeat
Fri Dec 26 13:28:01 UTC 2025 heartbeat
Fri Dec 26 13:29:01 UTC 2025 heartbeat
Fri Dec 26 13:30:01 UTC 2025 heartbeat
Fri Dec 26 13:31:01 UTC 2025 heartbeat
Fri Dec 26 13:32:01 UTC 2025 heartbeat
Fri Dec 26 13:33:01 UTC 2025 heartbeat
Fri Dec 26 13:34:01 UTC 2025 heartbeat
Fri Dec 26 13:35:01 UTC 2025 heartbeat
Fri Dec 26 13:36:01 UTC 2025 heartbeat
Fri Dec 26 13:37:35 UTC 2025 heartbeat
Fri Dec 26 13:38:01 UTC 2025 heartbeat
Fri Dec 26 13:39:01 UTC 2025 heartbeat
Fri Dec 26 13:40:01 UTC 2025 heartbeat
Fri Dec 26 13:41:01 UTC 2025 heartbeat
Fri Dec 26 13:42:01 UTC 2025 heartbeat
Fri Dec 26 13:43:01 UTC 2025 heartbeat
Fri Dec 26 13:44:01 UTC 2025 heartbeat
Fri Dec 26 13:45:01 UTC 2025 heartbeat
Fri Dec 26 13:46:01 UTC 2025 heartbeat
Fri Dec 26 13:47:01 UTC 2025 heartbeat
Fri Dec 26 13:48:01 UTC 2025 heartbeat
Fri Dec 26 13:49:01 UTC 2025 heartbeat
Fri Dec 26 13:50:01 UTC 2025 heartbeat
Fri Dec 26 13:51:01 UTC 2025 heartbeat
Fri Dec 26 13:52:01 UTC 2025 heartbeat
Fri Dec 26 13:53:01 UTC 2025 heartbeat
Fri Dec 26 13:54:01 UTC 2025 heartbeat
Fri Dec 26 13:55:01 UTC 2025 heartbeat
Fri Dec 26 13:56:01 UTC 2025 heartbeat
Fri Dec 26 13:57:01 UTC 2025 heartbeat
Fri Dec 26 13:58:01 UTC 2025 heartbeat
Fri Dec 26 13:59:01 UTC 2025 heartbeat
Fri Dec 26 14:00:01 UTC 2025 heartbeat
Fri Dec 26 14:01:01 UTC 2025 heartbeat
Fri Dec 26 14:02:01 UTC 2025 heartbeat
Fri Dec 26 14:03:01 UTC 2025 heartbeat
Fri Dec 26 14:07:24 UTC 2025 heartbeat
Fri Dec 26 14:08:01 UTC 2025 heartbeat
Fri Dec 26 14:09:01 UTC 2025 heartbeat
Fri Dec 26 14:10:01 UTC 2025 heartbeat
Fri Dec 26 14:11:01 UTC 2025 heartbeat
Fri Dec 26 14:12:01 UTC 2025 heartbeat
Fri Dec 26 14:13:01 UTC 2025 heartbeat
Fri Dec 26 14:14:01 UTC 2025 heartbeat
Fri Dec 26 14:15:01 UTC 2025 heartbeat
Fri Dec 26 14:16:01 UTC 2025 heartbeat
Fri Dec 26 14:17:01 UTC 2025 heartbeat
Fri Dec 26 14:18:01 UTC 2025 heartbeat
Fri Dec 26 14:19:01 UTC 2025 heartbeat
Fri Dec 26 14:20:01 UTC 2025 heartbeat
Fri Dec 26 14:21:01 UTC 2025 heartbeat
Fri Dec 26 14:22:01 UTC 2025 heartbeat
Fri Dec 26 14:23:01 UTC 2025 heartbeat
Fri Dec 26 14:24:01 UTC 2025 heartbeat
Fri Dec 26 14:25:01 UTC 2025 heartbeat
Fri Dec 26 14:26:01 UTC 2025 heartbeat
Fri Dec 26 14:27:01 UTC 2025 heartbeat
Fri Dec 26 14:28:01 UTC 2025 heartbeat
Fri Dec 26 14:29:01 UTC 2025 heartbeat
Fri Dec 26 14:30:01 UTC 2025 heartbeat
Fri Dec 26 14:31:01 UTC 2025 heartbeat
Fri Dec 26 14:32:01 UTC 2025 heartbeat
Fri Dec 26 14:33:01 UTC 2025 heartbeat
Fri Dec 26 14:34:01 UTC 2025 heartbeat
Fri Dec 26 14:35:01 UTC 2025 heartbeat
Fri Dec 26 14:36:01 UTC 2025 heartbeat
Fri Dec 26 14:37:01 UTC 2025 heartbeat
Fri Dec 26 14:38:01 UTC 2025 heartbeat
Fri Dec 26 14:39:01 UTC 2025 heartbeat
Fri Dec 26 14:40:01 UTC 2025 heartbeat
Fri Dec 26 14:41:01 UTC 2025 heartbeat
Fri Dec 26 14:42:01 UTC 2025 heartbeat
Fri Dec 26 14:43:01 UTC 2025 heartbeat
Fri Dec 26 14:44:01 UTC 2025 heartbeat
Fri Dec 26 14:45:01 UTC 2025 heartbeat
Fri Dec 26 14:46:01 UTC 2025 heartbeat
Fri Dec 26 14:47:01 UTC 2025 heartbeat
Fri Dec 26 14:48:01 UTC 2025 heartbeat
Fri Dec 26 14:49:01 UTC 2025 heartbeat
Fri Dec 26 14:50:01 UTC 2025 heartbeat
Fri Dec 26 14:51:01 UTC 2025 heartbeat
Fri Dec 26 14:52:01 UTC 2025 heartbeat
Fri Dec 26 14:53:01 UTC 2025 heartbeat
Fri Dec 26 14:54:01 UTC 2025 heartbeat
Fri Dec 26 14:55:01 UTC 2025 heartbeat
Fri Dec 26 14:56:01 UTC 2025 heartbeat
Fri Dec 26 14:57:01 UTC 2025 heartbeat
Fri Dec 26 14:58:01 UTC 2025 heartbeat
Fri Dec 26 14:59:01 UTC 2025 heartbeat
Fri Dec 26 15:00:01 UTC 2025 heartbeat
Fri Dec 26 15:01:01 UTC 2025 heartbeat
Fri Dec 26 15:02:01 UTC 2025 heartbeat
Fri Dec 26 15:03:01 UTC 2025 heartbeat
Fri Dec 26 15:04:01 UTC 2025 heartbeat
Fri Dec 26 15:05:01 UTC 2025 heartbeat
Fri Dec 26 15:06:01 UTC 2025 heartbeat
Fri Dec 26 15:07:01 UTC 2025 heartbeat
Fri Dec 26 15:08:01 UTC 2025 heartbeat
Fri Dec 26 15:09:01 UTC 2025 heartbeat
Fri Dec 26 15:10:01 UTC 2025 heartbeat
Fri Dec 26 15:11:01 UTC 2025 heartbeat
Fri Dec 26 15:12:01 UTC 2025 heartbeat
Fri Dec 26 15:13:01 UTC 2025 heartbeat
Fri Dec 26 15:14:01 UTC 2025 heartbeat
Fri Dec 26 15:15:01 UTC 2025 heartbeat
Fri Dec 26 15:16:01 UTC 2025 heartbeat
Fri Dec 26 15:17:01 UTC 2025 heartbeat
Fri Dec 26 15:32:05 UTC 2025 heartbeat
Fri Dec 26 15:33:01 UTC 2025 heartbeat
Fri Dec 26 15:34:01 UTC 2025 heartbeat
Fri Dec 26 15:35:01 UTC 2025 heartbeat
Fri Dec 26 15:36:01 UTC 2025 heartbeat
Fri Dec 26 15:37:01 UTC 2025 heartbeat
Fri Dec 26 15:38:01 UTC 2025 heartbeat
Fri Dec 26 15:39:01 UTC 2025 heartbeat
Fri Dec 26 15:40:01 UTC 2025 heartbeat
Fri Dec 26 15:41:01 UTC 2025 heartbeat
Fri Dec 26 15:42:01 UTC 2025 heartbeat
Fri Dec 26 15:43:01 UTC 2025 heartbeat
Fri Dec 26 15:44:01 UTC 2025 heartbeat
Fri Dec 26 15:45:01 UTC 2025 heartbeat
Fri Dec 26 15:46:01 UTC 2025 heartbeat
Fri Dec 26 15:47:01 UTC 2025 heartbeat
Fri Dec 26 15:48:01 UTC 2025 heartbeat
Fri Dec 26 15:49:01 UTC 2025 heartbeat
Fri Dec 26 15:50:01 UTC 2025 heartbeat
Fri Dec 26 15:51:01 UTC 2025 heartbeat
Fri Dec 26 15:52:01 UTC 2025 heartbeat
Fri Dec 26 15:53:01 UTC 2025 heartbeat
Fri Dec 26 15:54:01 UTC 2025 heartbeat
Fri Dec 26 15:55:01 UTC 2025 heartbeat
Fri Dec 26 15:56:01 UTC 2025 heartbeat
Fri Dec 26 15:57:01 UTC 2025 heartbeat
Fri Dec 26 15:58:01 UTC 2025 heartbeat
Fri Dec 26 15:59:01 UTC 2025 heartbeat
Fri Dec 26 16:00:01 UTC 2025 heartbeat
Fri Dec 26 16:01:01 UTC 2025 heartbeat
Fri Dec 26 16:02:01 UTC 2025 heartbeat
Fri Dec 26 16:03:01 UTC 2025 heartbeat
Fri Dec 26 16:04:01 UTC 2025 heartbeat
Fri Dec 26 16:05:01 UTC 2025 heartbeat
Fri Dec 26 16:06:01 UTC 2025 heartbeat
Fri Dec 26 16:07:01 UTC 2025 heartbeat
Fri Dec 26 16:08:01 UTC 2025 heartbeat
Fri Dec 26 16:09:01 UTC 2025 heartbeat
Fri Dec 26 16:10:01 UTC 2025 heartbeat
Fri Dec 26 16:11:01 UTC 2025 heartbeat
Fri Dec 26 16:12:01 UTC 2025 heartbeat
Fri Dec 26 16:13:01 UTC 2025 heartbeat
Fri Dec 26 16:14:01 UTC 2025 heartbeat
Fri Dec 26 16:15:01 UTC 2025 heartbeat
Fri Dec 26 16:16:01 UTC 2025 heartbeat
Fri Dec 26 16:17:01 UTC 2025 heartbeat
Fri Dec 26 16:18:01 UTC 2025 heartbeat
Fri Dec 26 16:19:01 UTC 2025 heartbeat
Fri Dec 26 16:20:01 UTC 2025 heartbeat
Fri Dec 26 16:21:01 UTC 2025 heartbeat
Fri Dec 26 16:22:01 UTC 2025 heartbeat
Fri Dec 26 16:23:01 UTC 2025 heartbeat
Fri Dec 26 16:24:01 UTC 2025 heartbeat
Fri Dec 26 16:25:01 UTC 2025 heartbeat
Fri Dec 26 16:26:01 UTC 2025 heartbeat
Fri Dec 26 16:27:01 UTC 2025 heartbeat
Fri Dec 26 16:28:01 UTC 2025 heartbeat
Fri Dec 26 16:29:01 UTC 2025 heartbeat
Fri Dec 26 16:30:01 UTC 2025 heartbeat
Fri Dec 26 16:31:01 UTC 2025 heartbeat
Fri Dec 26 16:32:01 UTC 2025 heartbeat
Fri Dec 26 16:33:01 UTC 2025 heartbeat
Fri Dec 26 16:34:01 UTC 2025 heartbeat
Fri Dec 26 16:35:01 UTC 2025 heartbeat
Fri Dec 26 16:36:01 UTC 2025 heartbeat
Fri Dec 26 16:37:01 UTC 2025 heartbeat
Fri Dec 26 16:38:01 UTC 2025 heartbeat
Fri Dec 26 16:39:01 UTC 2025 heartbeat
Fri Dec 26 16:40:01 UTC 2025 heartbeat
Fri Dec 26 16:41:01 UTC 2025 heartbeat
Fri Dec 26 16:42:01 UTC 2025 heartbeat
Fri Dec 26 16:43:01 UTC 2025 heartbeat
Fri Dec 26 16:44:01 UTC 2025 heartbeat
Fri Dec 26 16:45:01 UTC 2025 heartbeat
Fri Dec 26 16:46:01 UTC 2025 heartbeat
Fri Dec 26 16:47:01 UTC 2025 heartbeat
Fri Dec 26 16:48:01 UTC 2025 heartbeat
Fri Dec 26 16:49:01 UTC 2025 heartbeat
Fri Dec 26 16:50:01 UTC 2025 heartbeat
Fri Dec 26 16:51:01 UTC 2025 heartbeat
Fri Dec 26 16:52:01 UTC 2025 heartbeat
Fri Dec 26 16:53:01 UTC 2025 heartbeat
Fri Dec 26 16:54:01 UTC 2025 heartbeat
Fri Dec 26 16:55:01 UTC 2025 heartbeat
Fri Dec 26 16:56:01 UTC 2025 heartbeat
Fri Dec 26 16:57:01 UTC 2025 heartbeat
Fri Dec 26 16:58:01 UTC 2025 heartbeat
Fri Dec 26 16:59:01 UTC 2025 heartbeat
Fri Dec 26 17:00:01 UTC 2025 heartbeat
Fri Dec 26 17:01:01 UTC 2025 heartbeat
Fri Dec 26 17:02:01 UTC 2025 heartbeat
Fri Dec 26 17:03:01 UTC 2025 heartbeat
Fri Dec 26 17:04:02 UTC 2025 heartbeat
Fri Dec 26 17:05:01 UTC 2025 heartbeat
Fri Dec 26 17:06:01 UTC 2025 heartbeat
Fri Dec 26 17:07:01 UTC 2025 heartbeat
Fri Dec 26 17:08:01 UTC 2025 heartbeat
Fri Dec 26 17:09:01 UTC 2025 heartbeat
Fri Dec 26 17:10:01 UTC 2025 heartbeat
Fri Dec 26 17:11:01 UTC 2025 heartbeat
Fri Dec 26 17:12:01 UTC 2025 heartbeat
Fri Dec 26 17:13:01 UTC 2025 heartbeat
Fri Dec 26 17:14:01 UTC 2025 heartbeat
Fri Dec 26 17:18:52 UTC 2025 heartbeat
Fri Dec 26 17:19:01 UTC 2025 heartbeat
Fri Dec 26 17:20:01 UTC 2025 heartbeat
Fri Dec 26 17:21:01 UTC 2025 heartbeat
Fri Dec 26 17:22:01 UTC 2025 heartbeat
Fri Dec 26 17:23:01 UTC 2025 heartbeat
Fri Dec 26 17:24:01 UTC 2025 heartbeat
Fri Dec 26 17:25:01 UTC 2025 heartbeat
Fri Dec 26 17:26:01 UTC 2025 heartbeat
Fri Dec 26 17:27:01 UTC 2025 heartbeat
Fri Dec 26 17:28:01 UTC 2025 heartbeat
Fri Dec 26 17:29:01 UTC 2025 heartbeat
Fri Dec 26 17:30:01 UTC 2025 heartbeat
Fri Dec 26 17:31:01 UTC 2025 heartbeat
Fri Dec 26 17:32:01 UTC 2025 heartbeat
Fri Dec 26 17:33:01 UTC 2025 heartbeat
Fri Dec 26 17:34:01 UTC 2025 heartbeat
Fri Dec 26 17:35:01 UTC 2025 heartbeat
Fri Dec 26 17:36:01 UTC 2025 heartbeat
Fri Dec 26 17:37:01 UTC 2025 heartbeat
Fri Dec 26 17:38:01 UTC 2025 heartbeat
Fri Dec 26 17:39:01 UTC 2025 heartbeat
Sat Dec 27 03:27:01 UTC 2025 heartbeat
Sat Dec 27 03:28:01 UTC 2025 heartbeat
Sat Dec 27 03:29:01 UTC 2025 heartbeat
Sat Dec 27 03:30:01 UTC 2025 heartbeat
Sat Dec 27 03:31:01 UTC 2025 heartbeat
Sat Dec 27 03:32:01 UTC 2025 heartbeat
Sat Dec 27 03:33:01 UTC 2025 heartbeat
Sat Dec 27 03:34:01 UTC 2025 heartbeat
Sat Dec 27 03:35:01 UTC 2025 heartbeat
Sat Dec 27 03:36:01 UTC 2025 heartbeat
Sat Dec 27 03:37:01 UTC 2025 heartbeat
Sat Dec 27 03:38:01 UTC 2025 heartbeat
Sat Dec 27 03:39:01 UTC 2025 heartbeat
Sat Dec 27 03:40:01 UTC 2025 heartbeat
Sat Dec 27 03:41:01 UTC 2025 heartbeat
Sat Dec 27 03:42:01 UTC 2025 heartbeat
Sat Dec 27 03:43:01 UTC 2025 heartbeat
Sat Dec 27 03:44:01 UTC 2025 heartbeat
Sat Dec 27 03:45:01 UTC 2025 heartbeat
Sat Dec 27 03:46:01 UTC 2025 heartbeat
Sat Dec 27 03:47:01 UTC 2025 heartbeat
Sat Dec 27 03:48:01 UTC 2025 heartbeat
Sat Dec 27 03:49:01 UTC 2025 heartbeat
Sat Dec 27 03:50:01 UTC 2025 heartbeat
Sat Dec 27 03:51:01 UTC 2025 heartbeat
Sat Dec 27 03:52:01 UTC 2025 heartbeat
Sat Dec 27 03:53:01 UTC 2025 heartbeat
Sat Dec 27 03:54:01 UTC 2025 heartbeat
Sat Dec 27 03:55:01 UTC 2025 heartbeat
Sat Dec 27 03:56:01 UTC 2025 heartbeat
Sat Dec 27 03:57:01 UTC 2025 heartbeat
Sat Dec 27 03:58:01 UTC 2025 heartbeat
Sat Dec 27 03:59:01 UTC 2025 heartbeat
Sat Dec 27 04:00:01 UTC 2025 heartbeat
Sat Dec 27 04:01:01 UTC 2025 heartbeat
Sat Dec 27 04:02:01 UTC 2025 heartbeat
Sat Dec 27 04:03:01 UTC 2025 heartbeat
Sat Dec 27 04:04:01 UTC 2025 heartbeat
Sat Dec 27 04:05:01 UTC 2025 heartbeat
Sat Dec 27 04:06:01 UTC 2025 heartbeat
Sat Dec 27 04:07:01 UTC 2025 heartbeat
Sat Dec 27 04:08:01 UTC 2025 heartbeat
Sat Dec 27 04:09:01 UTC 2025 heartbeat
Sat Dec 27 04:10:01 UTC 2025 heartbeat
Sat Dec 27 04:11:01 UTC 2025 heartbeat
Sat Dec 27 04:12:01 UTC 2025 heartbeat
Sat Dec 27 04:13:01 UTC 2025 heartbeat
Sat Dec 27 04:14:01 UTC 2025 heartbeat
Sat Dec 27 04:15:01 UTC 2025 heartbeat
Sat Dec 27 04:16:01 UTC 2025 heartbeat
Sat Dec 27 04:17:01 UTC 2025 heartbeat
Sat Dec 27 04:18:01 UTC 2025 heartbeat
Sat Dec 27 04:19:01 UTC 2025 heartbeat
Sat Dec 27 04:48:06 UTC 2025 heartbeat
Sat Dec 27 05:17:10 UTC 2025 heartbeat
Sat Dec 27 05:18:01 UTC 2025 heartbeat
Sat Dec 27 05:19:01 UTC 2025 heartbeat
Sat Dec 27 05:20:01 UTC 2025 heartbeat
Sat Dec 27 05:21:01 UTC 2025 heartbeat
Sat Dec 27 05:22:01 UTC 2025 heartbeat
Sat Dec 27 05:23:01 UTC 2025 heartbeat
Sat Dec 27 05:24:01 UTC 2025 heartbeat
Sat Dec 27 05:25:01 UTC 2025 heartbeat
Sat Dec 27 05:26:01 UTC 2025 heartbeat
Sat Dec 27 05:27:01 UTC 2025 heartbeat
Sat Dec 27 05:28:01 UTC 2025 heartbeat
Sat Dec 27 05:29:01 UTC 2025 heartbeat
Sat Dec 27 05:30:01 UTC 2025 heartbeat
Sat Dec 27 05:31:01 UTC 2025 heartbeat
Sat Dec 27 05:32:01 UTC 2025 heartbeat
Sat Dec 27 05:33:01 UTC 2025 heartbeat
Sat Dec 27 05:34:01 UTC 2025 heartbeat
Sat Dec 27 05:35:01 UTC 2025 heartbeat
Sat Dec 27 05:36:01 UTC 2025 heartbeat
Sat Dec 27 05:37:01 UTC 2025 heartbeat
Sat Dec 27 05:38:01 UTC 2025 heartbeat
Sat Dec 27 05:39:01 UTC 2025 heartbeat
Sat Dec 27 05:40:01 UTC 2025 heartbeat
Sat Dec 27 05:41:01 UTC 2025 heartbeat
Sat Dec 27 05:42:01 UTC 2025 heartbeat
Sat Dec 27 05:43:01 UTC 2025 heartbeat
Sat Dec 27 05:44:01 UTC 2025 heartbeat
Sat Dec 27 05:45:01 UTC 2025 heartbeat
Sat Dec 27 05:46:01 UTC 2025 heartbeat
Sat Dec 27 05:47:01 UTC 2025 heartbeat
Sat Dec 27 05:48:01 UTC 2025 heartbeat
Sat Dec 27 05:49:01 UTC 2025 heartbeat
Sat Dec 27 05:50:01 UTC 2025 heartbeat
Sat Dec 27 05:51:01 UTC 2025 heartbeat
Sat Dec 27 05:52:01 UTC 2025 heartbeat
Sat Dec 27 05:53:01 UTC 2025 heartbeat
Sat Dec 27 05:54:01 UTC 2025 heartbeat
Sat Dec 27 05:55:01 UTC 2025 heartbeat
Sat Dec 27 05:56:01 UTC 2025 heartbeat
Sat Dec 27 05:57:01 UTC 2025 heartbeat
Sat Dec 27 05:58:01 UTC 2025 heartbeat
Sat Dec 27 05:59:01 UTC 2025 heartbeat
Sat Dec 27 06:00:01 UTC 2025 heartbeat
Sat Dec 27 06:01:01 UTC 2025 heartbeat
Sat Dec 27 06:02:01 UTC 2025 heartbeat
Sat Dec 27 06:03:01 UTC 2025 heartbeat
Sat Dec 27 06:04:01 UTC 2025 heartbeat
Sat Dec 27 06:05:01 UTC 2025 heartbeat
Sat Dec 27 06:06:01 UTC 2025 heartbeat
Sat Dec 27 06:07:01 UTC 2025 heartbeat
Sat Dec 27 06:08:01 UTC 2025 heartbeat
Sat Dec 27 06:09:01 UTC 2025 heartbeat
Sat Dec 27 06:10:01 UTC 2025 heartbeat
Sat Dec 27 06:11:01 UTC 2025 heartbeat
Sat Dec 27 06:12:01 UTC 2025 heartbeat
Sat Dec 27 06:13:01 UTC 2025 heartbeat
Sat Dec 27 06:14:01 UTC 2025 heartbeat
Sat Dec 27 06:15:01 UTC 2025 heartbeat
Sat Dec 27 06:16:01 UTC 2025 heartbeat
Sat Dec 27 06:17:01 UTC 2025 heartbeat
Sat Dec 27 06:18:01 UTC 2025 heartbeat
Sat Dec 27 06:19:01 UTC 2025 heartbeat
Sat Dec 27 06:20:01 UTC 2025 heartbeat
Thu Jan  1 14:14:01 UTC 2026 heartbeat
Thu Jan  1 14:15:01 UTC 2026 heartbeat
Thu Jan  1 14:16:01 UTC 2026 heartbeat
Thu Jan  1 14:17:01 UTC 2026 heartbeat
Thu Jan  1 14:18:01 UTC 2026 heartbeat
Thu Jan  1 14:19:01 UTC 2026 heartbeat
Thu Jan  1 14:20:01 UTC 2026 heartbeat
Thu Jan  1 14:21:01 UTC 2026 heartbeat
Thu Jan  1 14:22:01 UTC 2026 heartbeat
Thu Jan  1 14:23:01 UTC 2026 heartbeat
Thu Jan  1 14:24:01 UTC 2026 heartbeat
Thu Jan  1 14:25:01 UTC 2026 heartbeat
Thu Jan  1 14:26:01 UTC 2026 heartbeat
Thu Jan  1 14:27:01 UTC 2026 heartbeat
Thu Jan  1 14:28:01 UTC 2026 heartbeat
Thu Jan  1 14:29:01 UTC 2026 heartbeat
Thu Jan  1 14:30:01 UTC 2026 heartbeat
Thu Jan  1 14:31:01 UTC 2026 heartbeat
Thu Jan  1 14:32:01 UTC 2026 heartbeat
Thu Jan  1 14:33:01 UTC 2026 heartbeat
Thu Jan  1 14:34:01 UTC 2026 heartbeat
Thu Jan  1 14:35:01 UTC 2026 heartbeat
Thu Jan  1 14:36:01 UTC 2026 heartbeat
Thu Jan  1 14:51:10 UTC 2026 heartbeat
Thu Jan  1 14:52:01 UTC 2026 heartbeat
Thu Jan  1 14:53:01 UTC 2026 heartbeat
Thu Jan  1 14:54:01 UTC 2026 heartbeat
Thu Jan  1 14:55:01 UTC 2026 heartbeat
Thu Jan  1 14:56:01 UTC 2026 heartbeat
Thu Jan  1 14:57:01 UTC 2026 heartbeat
Thu Jan  1 14:58:01 UTC 2026 heartbeat
Thu Jan  1 14:59:01 UTC 2026 heartbeat
Thu Jan  1 15:00:01 UTC 2026 heartbeat
Thu Jan  1 15:01:01 UTC 2026 heartbeat
Thu Jan  1 15:02:01 UTC 2026 heartbeat
Thu Jan  1 15:03:01 UTC 2026 heartbeat
Thu Jan  1 15:04:01 UTC 2026 heartbeat
Thu Jan  1 15:05:01 UTC 2026 heartbeat
Thu Jan  1 15:06:01 UTC 2026 heartbeat
Thu Jan  1 15:07:01 UTC 2026 heartbeat
Thu Jan  1 15:08:01 UTC 2026 heartbeat
Thu Jan  1 15:09:01 UTC 2026 heartbeat
Thu Jan  1 15:10:01 UTC 2026 heartbeat
Thu Jan  1 15:11:01 UTC 2026 heartbeat
Thu Jan  1 15:12:01 UTC 2026 heartbeat
Thu Jan  1 15:13:01 UTC 2026 heartbeat
Thu Jan  1 15:14:01 UTC 2026 heartbeat
Thu Jan  1 15:15:01 UTC 2026 heartbeat
Thu Jan  1 15:16:01 UTC 2026 heartbeat
Thu Jan  1 15:17:01 UTC 2026 heartbeat
Thu Jan  1 15:18:01 UTC 2026 heartbeat
Thu Jan  1 15:19:01 UTC 2026 heartbeat
Thu Jan  1 15:20:01 UTC 2026 heartbeat
Thu Jan  1 15:21:01 UTC 2026 heartbeat
Thu Jan  1 15:22:01 UTC 2026 heartbeat
Thu Jan  1 15:23:01 UTC 2026 heartbeat
Thu Jan  1 15:24:01 UTC 2026 heartbeat
Thu Jan  1 15:25:01 UTC 2026 heartbeat
Thu Jan  1 15:26:01 UTC 2026 heartbeat
Thu Jan  1 15:27:01 UTC 2026 heartbeat
Thu Jan  1 15:28:01 UTC 2026 heartbeat
Thu Jan  1 15:29:01 UTC 2026 heartbeat
Thu Jan  1 15:30:01 UTC 2026 heartbeat
Thu Jan  1 15:31:01 UTC 2026 heartbeat
Thu Jan  1 15:32:01 UTC 2026 heartbeat
Thu Jan  1 15:33:01 UTC 2026 heartbeat
Thu Jan  1 15:34:01 UTC 2026 heartbeat
Thu Jan  1 15:35:01 UTC 2026 heartbeat
Thu Jan  1 15:36:01 UTC 2026 heartbeat
Thu Jan  1 15:37:01 UTC 2026 heartbeat
Thu Jan  1 15:38:01 UTC 2026 heartbeat
Thu Jan  1 15:39:01 UTC 2026 heartbeat
Thu Jan  1 15:40:01 UTC 2026 heartbeat
Thu Jan  1 15:41:01 UTC 2026 heartbeat
Thu Jan  1 15:42:01 UTC 2026 heartbeat
Thu Jan  1 15:43:01 UTC 2026 heartbeat
Thu Jan  1 15:44:01 UTC 2026 heartbeat
Thu Jan  1 15:45:01 UTC 2026 heartbeat
Thu Jan  1 15:46:01 UTC 2026 heartbeat
Thu Jan  1 15:47:01 UTC 2026 heartbeat
Thu Jan  1 15:48:01 UTC 2026 heartbeat
Thu Jan  1 15:49:01 UTC 2026 heartbeat
Thu Jan  1 15:50:01 UTC 2026 heartbeat
Thu Jan  1 15:51:01 UTC 2026 heartbeat
Thu Jan  1 15:52:01 UTC 2026 heartbeat
Thu Jan  1 15:53:01 UTC 2026 heartbeat
Thu Jan  1 15:54:01 UTC 2026 heartbeat
Thu Jan  1 15:55:01 UTC 2026 heartbeat
Thu Jan  1 15:56:01 UTC 2026 heartbeat
Thu Jan  1 15:57:01 UTC 2026 heartbeat
Thu Jan  1 15:58:01 UTC 2026 heartbeat
Thu Jan  1 15:59:01 UTC 2026 heartbeat
Thu Jan  1 16:00:01 UTC 2026 heartbeat
Thu Jan  1 16:01:01 UTC 2026 heartbeat
Thu Jan  1 16:02:01 UTC 2026 heartbeat
Thu Jan  1 16:03:01 UTC 2026 heartbeat
Thu Jan  1 16:04:01 UTC 2026 heartbeat
Thu Jan  1 16:05:01 UTC 2026 heartbeat
Thu Jan  1 16:06:01 UTC 2026 heartbeat
Thu Jan  1 16:07:01 UTC 2026 heartbeat
Thu Jan  1 16:08:01 UTC 2026 heartbeat
Thu Jan  1 16:09:01 UTC 2026 heartbeat
Thu Jan  1 16:10:01 UTC 2026 heartbeat
Thu Jan  1 16:11:01 UTC 2026 heartbeat
Thu Jan  1 16:12:01 UTC 2026 heartbeat
Thu Jan  1 16:13:01 UTC 2026 heartbeat
Thu Jan  1 16:14:01 UTC 2026 heartbeat
Thu Jan  1 16:15:01 UTC 2026 heartbeat
Thu Jan  1 16:16:01 UTC 2026 heartbeat
Thu Jan  1 16:17:01 UTC 2026 heartbeat
Thu Jan  1 16:18:01 UTC 2026 heartbeat
Thu Jan  1 16:19:01 UTC 2026 heartbeat
Thu Jan  1 16:20:01 UTC 2026 heartbeat
Thu Jan  1 16:21:01 UTC 2026 heartbeat
Thu Jan  1 16:22:01 UTC 2026 heartbeat
Thu Jan  1 16:23:01 UTC 2026 heartbeat
Thu Jan  1 16:24:01 UTC 2026 heartbeat
Thu Jan  1 16:25:01 UTC 2026 heartbeat
Thu Jan  1 16:26:01 UTC 2026 heartbeat
Thu Jan  1 16:27:01 UTC 2026 heartbeat
Thu Jan  1 16:28:01 UTC 2026 heartbeat
Thu Jan  1 16:29:01 UTC 2026 heartbeat
Thu Jan  1 16:30:01 UTC 2026 heartbeat
Thu Jan  1 16:31:01 UTC 2026 heartbeat
Thu Jan  1 16:32:01 UTC 2026 heartbeat
Thu Jan  1 16:33:01 UTC 2026 heartbeat
Thu Jan  1 16:34:01 UTC 2026 heartbeat
Thu Jan  1 16:35:01 UTC 2026 heartbeat
Thu Jan  1 16:36:01 UTC 2026 heartbeat
Thu Jan  1 16:37:01 UTC 2026 heartbeat
Thu Jan  1 16:38:01 UTC 2026 heartbeat
Thu Jan  1 16:39:01 UTC 2026 heartbeat
Thu Jan  1 16:40:01 UTC 2026 heartbeat
Thu Jan  1 16:41:01 UTC 2026 heartbeat
Thu Jan  1 16:42:01 UTC 2026 heartbeat
Thu Jan  1 16:43:56 UTC 2026 heartbeat
Thu Jan  1 16:44:01 UTC 2026 heartbeat
Thu Jan  1 16:45:01 UTC 2026 heartbeat
Thu Jan  1 16:46:01 UTC 2026 heartbeat
Thu Jan  1 16:47:01 UTC 2026 heartbeat
Thu Jan  1 16:48:01 UTC 2026 heartbeat
Thu Jan  1 16:49:01 UTC 2026 heartbeat
Thu Jan  1 16:50:01 UTC 2026 heartbeat
Thu Jan  1 16:51:01 UTC 2026 heartbeat
Thu Jan  1 16:52:01 UTC 2026 heartbeat
Thu Jan  1 16:53:01 UTC 2026 heartbeat
Thu Jan  1 16:54:01 UTC 2026 heartbeat
Thu Jan  1 16:55:01 UTC 2026 heartbeat
Thu Jan  1 16:56:01 UTC 2026 heartbeat
Thu Jan  1 16:57:01 UTC 2026 heartbeat
Thu Jan  1 16:58:01 UTC 2026 heartbeat
Thu Jan  1 16:59:01 UTC 2026 heartbeat
Thu Jan  1 17:00:01 UTC 2026 heartbeat
Thu Jan  1 17:01:01 UTC 2026 heartbeat
Thu Jan  1 17:02:01 UTC 2026 heartbeat
Thu Jan  1 17:03:01 UTC 2026 heartbeat
Thu Jan  1 17:04:01 UTC 2026 heartbeat
Thu Jan  1 17:05:01 UTC 2026 heartbeat
Thu Jan  1 17:06:01 UTC 2026 heartbeat
Thu Jan  1 17:07:01 UTC 2026 heartbeat
Thu Jan  1 17:08:01 UTC 2026 heartbeat
Thu Jan  1 17:09:01 UTC 2026 heartbeat
Thu Jan  1 17:10:01 UTC 2026 heartbeat
Thu Jan  1 17:11:01 UTC 2026 heartbeat
Thu Jan  1 17:12:01 UTC 2026 heartbeat
Thu Jan  1 17:13:01 UTC 2026 heartbeat
Thu Jan  1 17:14:01 UTC 2026 heartbeat
Thu Jan  1 17:15:01 UTC 2026 heartbeat
Thu Jan  1 17:16:01 UTC 2026 heartbeat
Thu Jan  1 17:17:01 UTC 2026 heartbeat
Thu Jan  1 17:18:01 UTC 2026 heartbeat
Thu Jan  1 17:19:01 UTC 2026 heartbeat
Thu Jan  1 17:20:01 UTC 2026 heartbeat
Thu Jan  1 17:21:01 UTC 2026 heartbeat
Thu Jan  1 17:22:01 UTC 2026 heartbeat
Thu Jan  1 17:23:01 UTC 2026 heartbeat
Thu Jan  1 17:24:01 UTC 2026 heartbeat
Thu Jan  1 17:25:01 UTC 2026 heartbeat
Thu Jan  1 17:26:01 UTC 2026 heartbeat
Thu Jan  1 17:27:01 UTC 2026 heartbeat
Thu Jan  1 17:28:01 UTC 2026 heartbeat
Thu Jan  1 17:29:01 UTC 2026 heartbeat
Thu Jan  1 17:30:01 UTC 2026 heartbeat
Thu Jan  1 17:31:01 UTC 2026 heartbeat
Thu Jan  1 17:32:01 UTC 2026 heartbeat
Thu Jan  1 17:33:01 UTC 2026 heartbeat
Thu Jan  1 17:34:01 UTC 2026 heartbeat
Thu Jan  1 17:35:01 UTC 2026 heartbeat
Thu Jan  1 17:36:01 UTC 2026 heartbeat
Thu Jan  1 17:37:01 UTC 2026 heartbeat
Thu Jan  1 17:38:01 UTC 2026 heartbeat
Thu Jan  1 17:39:01 UTC 2026 heartbeat
Thu Jan  1 17:40:01 UTC 2026 heartbeat
Thu Jan  1 17:41:01 UTC 2026 heartbeat
Thu Jan  1 17:42:01 UTC 2026 heartbeat
Thu Jan  1 17:43:01 UTC 2026 heartbeat
Thu Jan  1 17:44:01 UTC 2026 heartbeat
Thu Jan  1 17:45:01 UTC 2026 heartbeat
Thu Jan  1 17:46:01 UTC 2026 heartbeat
Thu Jan  1 17:47:01 UTC 2026 heartbeat
Thu Jan  1 17:48:01 UTC 2026 heartbeat
Thu Jan  1 17:49:01 UTC 2026 heartbeat
Thu Jan  1 17:50:01 UTC 2026 heartbeat
Thu Jan  1 17:51:01 UTC 2026 heartbeat
Thu Jan  1 17:52:01 UTC 2026 heartbeat
Thu Jan  1 17:53:01 UTC 2026 heartbeat
Thu Jan  1 17:54:01 UTC 2026 heartbeat
Thu Jan  1 17:55:01 UTC 2026 heartbeat
Thu Jan  1 17:56:01 UTC 2026 heartbeat
Thu Jan  1 17:57:01 UTC 2026 heartbeat
Thu Jan  1 17:58:01 UTC 2026 heartbeat
Thu Jan  1 17:59:01 UTC 2026 heartbeat
Thu Jan  1 18:00:01 UTC 2026 heartbeat
Thu Jan  1 18:01:01 UTC 2026 heartbeat
Thu Jan  1 18:02:01 UTC 2026 heartbeat
Thu Jan  1 18:03:01 UTC 2026 heartbeat
Thu Jan  1 18:04:01 UTC 2026 heartbeat
Thu Jan  1 18:05:01 UTC 2026 heartbeat
Thu Jan  1 18:06:01 UTC 2026 heartbeat
Thu Jan  1 18:07:01 UTC 2026 heartbeat
Thu Jan  1 18:08:01 UTC 2026 heartbeat
Thu Jan  1 18:09:01 UTC 2026 heartbeat
Thu Jan  1 18:10:01 UTC 2026 heartbeat
Thu Jan  1 18:11:01 UTC 2026 heartbeat
Thu Jan  1 18:12:01 UTC 2026 heartbeat
Thu Jan  1 18:13:01 UTC 2026 heartbeat
Thu Jan  1 18:14:01 UTC 2026 heartbeat
Thu Jan  1 18:15:01 UTC 2026 heartbeat
Thu Jan  1 18:16:01 UTC 2026 heartbeat
Thu Jan  1 18:17:01 UTC 2026 heartbeat
Thu Jan  1 18:18:01 UTC 2026 heartbeat
Thu Jan  1 18:19:01 UTC 2026 heartbeat
Fri Jan  2 08:36:01 UTC 2026 heartbeat
Fri Jan  2 08:37:01 UTC 2026 heartbeat
Fri Jan  2 08:38:01 UTC 2026 heartbeat
Fri Jan  2 08:39:01 UTC 2026 heartbeat
Fri Jan  2 08:40:01 UTC 2026 heartbeat
Fri Jan  2 08:41:01 UTC 2026 heartbeat
Fri Jan  2 08:42:01 UTC 2026 heartbeat
Fri Jan  2 08:43:01 UTC 2026 heartbeat
Fri Jan  2 08:44:01 UTC 2026 heartbeat
Fri Jan  2 08:45:01 UTC 2026 heartbeat
Fri Jan  2 08:46:01 UTC 2026 heartbeat
Fri Jan  2 08:47:01 UTC 2026 heartbeat
Fri Jan  2 08:48:01 UTC 2026 heartbeat
Fri Jan  2 08:49:01 UTC 2026 heartbeat
Fri Jan  2 08:50:01 UTC 2026 heartbeat
Fri Jan  2 08:51:02 UTC 2026 heartbeat
Fri Jan  2 08:52:01 UTC 2026 heartbeat
Fri Jan  2 08:53:01 UTC 2026 heartbeat
Fri Jan  2 08:54:01 UTC 2026 heartbeat
Fri Jan  2 08:55:01 UTC 2026 heartbeat
Fri Jan  2 08:56:01 UTC 2026 heartbeat
Fri Jan  2 08:57:01 UTC 2026 heartbeat
Fri Jan  2 08:58:01 UTC 2026 heartbeat
Fri Jan  2 08:59:01 UTC 2026 heartbeat
Fri Jan  2 09:00:01 UTC 2026 heartbeat
Fri Jan  2 09:01:01 UTC 2026 heartbeat
Fri Jan  2 09:02:01 UTC 2026 heartbeat
Fri Jan  2 09:03:01 UTC 2026 heartbeat
Fri Jan  2 09:04:01 UTC 2026 heartbeat
Fri Jan  2 09:05:01 UTC 2026 heartbeat
Fri Jan  2 09:06:01 UTC 2026 heartbeat
Fri Jan  2 09:07:01 UTC 2026 heartbeat
Fri Jan  2 09:08:01 UTC 2026 heartbeat
Fri Jan  2 09:09:01 UTC 2026 heartbeat
Fri Jan  2 09:10:01 UTC 2026 heartbeat
Fri Jan  2 09:11:01 UTC 2026 heartbeat
Fri Jan  2 09:12:01 UTC 2026 heartbeat
Fri Jan  2 09:13:01 UTC 2026 heartbeat
Fri Jan  2 09:14:01 UTC 2026 heartbeat
Fri Jan  2 09:15:01 UTC 2026 heartbeat
Fri Jan  2 09:16:01 UTC 2026 heartbeat
Fri Jan  2 09:17:01 UTC 2026 heartbeat
Fri Jan  2 09:18:01 UTC 2026 heartbeat
Fri Jan  2 09:19:01 UTC 2026 heartbeat
Fri Jan  2 09:20:01 UTC 2026 heartbeat
Fri Jan  2 09:21:01 UTC 2026 heartbeat
Fri Jan  2 09:22:01 UTC 2026 heartbeat
Fri Jan  2 09:23:01 UTC 2026 heartbeat
Fri Jan  2 09:24:01 UTC 2026 heartbeat
Fri Jan  2 09:25:01 UTC 2026 heartbeat
Fri Jan  2 09:26:01 UTC 2026 heartbeat
Fri Jan  2 09:27:01 UTC 2026 heartbeat
Fri Jan  2 09:28:01 UTC 2026 heartbeat
Fri Jan  2 09:29:01 UTC 2026 heartbeat
Fri Jan  2 09:30:01 UTC 2026 heartbeat
Fri Jan  2 09:31:01 UTC 2026 heartbeat
Fri Jan  2 09:32:01 UTC 2026 heartbeat
Fri Jan  2 09:33:01 UTC 2026 heartbeat
Fri Jan  2 09:34:01 UTC 2026 heartbeat
Fri Jan  2 09:35:01 UTC 2026 heartbeat
Fri Jan  2 09:36:01 UTC 2026 heartbeat
Fri Jan  2 09:37:01 UTC 2026 heartbeat
Fri Jan  2 09:38:01 UTC 2026 heartbeat
Fri Jan  2 09:39:01 UTC 2026 heartbeat
Fri Jan  2 09:40:01 UTC 2026 heartbeat
Fri Jan  2 09:41:01 UTC 2026 heartbeat
Fri Jan  2 09:42:01 UTC 2026 heartbeat
Fri Jan  2 09:43:01 UTC 2026 heartbeat
Fri Jan  2 09:44:01 UTC 2026 heartbeat
Fri Jan  2 09:45:01 UTC 2026 heartbeat
Fri Jan  2 09:46:01 UTC 2026 heartbeat
Fri Jan  2 09:47:01 UTC 2026 heartbeat
Fri Jan  2 09:48:01 UTC 2026 heartbeat
Fri Jan  2 09:49:01 UTC 2026 heartbeat
Fri Jan  2 09:50:01 UTC 2026 heartbeat
Fri Jan  2 09:51:01 UTC 2026 heartbeat
Fri Jan  2 09:52:01 UTC 2026 heartbeat
Fri Jan  2 09:53:01 UTC 2026 heartbeat
Fri Jan  2 09:54:07 UTC 2026 heartbeat
Fri Jan  2 09:55:01 UTC 2026 heartbeat
Fri Jan  2 09:56:01 UTC 2026 heartbeat
Fri Jan  2 09:57:01 UTC 2026 heartbeat
Fri Jan  2 13:58:01 UTC 2026 heartbeat
Fri Jan  2 13:59:01 UTC 2026 heartbeat
Fri Jan  2 14:00:01 UTC 2026 heartbeat
Fri Jan  2 14:01:01 UTC 2026 heartbeat
Fri Jan  2 14:02:01 UTC 2026 heartbeat
Fri Jan  2 14:03:01 UTC 2026 heartbeat
Fri Jan  2 14:04:01 UTC 2026 heartbeat
Fri Jan  2 14:05:01 UTC 2026 heartbeat
Fri Jan  2 14:06:01 UTC 2026 heartbeat
Fri Jan  2 14:07:01 UTC 2026 heartbeat
Fri Jan  2 14:08:01 UTC 2026 heartbeat
Fri Jan  2 14:09:01 UTC 2026 heartbeat
Fri Jan  2 14:10:01 UTC 2026 heartbeat
Fri Jan  2 14:11:01 UTC 2026 heartbeat
Fri Jan  2 14:12:01 UTC 2026 heartbeat
Fri Jan  2 14:13:01 UTC 2026 heartbeat
Fri Jan  2 14:14:01 UTC 2026 heartbeat
Fri Jan  2 14:15:01 UTC 2026 heartbeat
Fri Jan  2 14:16:01 UTC 2026 heartbeat
Fri Jan  2 14:17:01 UTC 2026 heartbeat
Fri Jan  2 14:18:01 UTC 2026 heartbeat
Fri Jan  2 14:19:01 UTC 2026 heartbeat
Fri Jan  2 14:20:01 UTC 2026 heartbeat
Fri Jan  2 14:21:01 UTC 2026 heartbeat
Fri Jan  2 14:22:01 UTC 2026 heartbeat
Fri Jan  2 14:23:01 UTC 2026 heartbeat
Fri Jan  2 14:24:01 UTC 2026 heartbeat
Fri Jan  2 14:25:01 UTC 2026 heartbeat
Fri Jan  2 14:26:01 UTC 2026 heartbeat
Fri Jan  2 14:27:01 UTC 2026 heartbeat
Fri Jan  2 14:28:01 UTC 2026 heartbeat
Fri Jan  2 14:29:01 UTC 2026 heartbeat
Fri Jan  2 14:30:01 UTC 2026 heartbeat
Fri Jan  2 14:31:01 UTC 2026 heartbeat
Fri Jan  2 14:32:01 UTC 2026 heartbeat
Fri Jan  2 14:33:01 UTC 2026 heartbeat
Fri Jan  2 14:34:02 UTC 2026 heartbeat
Fri Jan  2 14:35:01 UTC 2026 heartbeat
Fri Jan  2 14:36:01 UTC 2026 heartbeat
Fri Jan  2 14:37:01 UTC 2026 heartbeat
Fri Jan  2 14:38:01 UTC 2026 heartbeat
Fri Jan  2 14:39:01 UTC 2026 heartbeat
Fri Jan  2 14:40:01 UTC 2026 heartbeat
Fri Jan  2 14:41:01 UTC 2026 heartbeat
Fri Jan  2 14:42:01 UTC 2026 heartbeat
Fri Jan  2 14:43:01 UTC 2026 heartbeat
Fri Jan  2 14:44:01 UTC 2026 heartbeat
Fri Jan  2 14:45:01 UTC 2026 heartbeat
Fri Jan  2 14:46:01 UTC 2026 heartbeat
Fri Jan  2 14:47:01 UTC 2026 heartbeat
Fri Jan  2 14:48:01 UTC 2026 heartbeat
Fri Jan  2 14:49:01 UTC 2026 heartbeat
Fri Jan  2 14:50:01 UTC 2026 heartbeat
Fri Jan  2 14:51:01 UTC 2026 heartbeat
Fri Jan  2 14:52:01 UTC 2026 heartbeat
Fri Jan  2 14:53:01 UTC 2026 heartbeat
Fri Jan  2 14:54:01 UTC 2026 heartbeat
Fri Jan  2 14:55:01 UTC 2026 heartbeat
Fri Jan  2 14:56:01 UTC 2026 heartbeat
Fri Jan  2 14:57:01 UTC 2026 heartbeat
Fri Jan  2 14:58:01 UTC 2026 heartbeat
Fri Jan  2 14:59:01 UTC 2026 heartbeat
Fri Jan  2 15:00:01 UTC 2026 heartbeat
Fri Jan  2 15:01:01 UTC 2026 heartbeat
Fri Jan  2 15:02:01 UTC 2026 heartbeat
Fri Jan  2 15:03:01 UTC 2026 heartbeat
Fri Jan  2 15:04:01 UTC 2026 heartbeat
Fri Jan  2 15:05:01 UTC 2026 heartbeat
Fri Jan  2 15:06:01 UTC 2026 heartbeat
Fri Jan  2 15:07:01 UTC 2026 heartbeat
Fri Jan  2 15:08:01 UTC 2026 heartbeat
Fri Jan  2 15:09:01 UTC 2026 heartbeat
Fri Jan  2 15:10:01 UTC 2026 heartbeat
Fri Jan  2 15:11:01 UTC 2026 heartbeat
Fri Jan  2 15:12:01 UTC 2026 heartbeat
Fri Jan  2 15:13:01 UTC 2026 heartbeat
Fri Jan  2 15:14:01 UTC 2026 heartbeat
Fri Jan  2 15:15:01 UTC 2026 heartbeat
Fri Jan  2 15:16:01 UTC 2026 heartbeat
Fri Jan  2 15:17:01 UTC 2026 heartbeat
Fri Jan  2 15:18:01 UTC 2026 heartbeat
Fri Jan  2 15:19:01 UTC 2026 heartbeat
Fri Jan  2 15:20:01 UTC 2026 heartbeat
Fri Jan  2 15:21:01 UTC 2026 heartbeat
Fri Jan  2 15:23:39 UTC 2026 heartbeat
Fri Jan  2 15:34:46 UTC 2026 heartbeat
Fri Jan  2 15:35:01 UTC 2026 heartbeat
Fri Jan  2 15:36:01 UTC 2026 heartbeat
Fri Jan  2 15:37:01 UTC 2026 heartbeat
Fri Jan  2 15:38:01 UTC 2026 heartbeat
Fri Jan  2 15:39:01 UTC 2026 heartbeat
Fri Jan  2 15:40:01 UTC 2026 heartbeat
Fri Jan  2 15:41:01 UTC 2026 heartbeat
Fri Jan  2 15:42:01 UTC 2026 heartbeat
Fri Jan  2 15:43:01 UTC 2026 heartbeat
Fri Jan  2 15:44:01 UTC 2026 heartbeat
Fri Jan  2 15:45:01 UTC 2026 heartbeat
Fri Jan  2 15:46:01 UTC 2026 heartbeat
Fri Jan  2 15:47:01 UTC 2026 heartbeat
Fri Jan  2 15:48:01 UTC 2026 heartbeat
Fri Jan  2 15:49:01 UTC 2026 heartbeat
Fri Jan  2 15:50:01 UTC 2026 heartbeat
Fri Jan  2 15:51:01 UTC 2026 heartbeat
Fri Jan  2 15:52:01 UTC 2026 heartbeat
Fri Jan  2 15:53:01 UTC 2026 heartbeat
Fri Jan  2 15:54:01 UTC 2026 heartbeat
Fri Jan  2 15:55:01 UTC 2026 heartbeat
Fri Jan  2 15:56:01 UTC 2026 heartbeat
Fri Jan  2 15:57:01 UTC 2026 heartbeat
Fri Jan  2 15:58:01 UTC 2026 heartbeat
Fri Jan  2 15:59:01 UTC 2026 heartbeat
Fri Jan  2 16:00:01 UTC 2026 heartbeat
Fri Jan  2 16:01:01 UTC 2026 heartbeat
Fri Jan  2 16:02:01 UTC 2026 heartbeat
Fri Jan  2 16:03:01 UTC 2026 heartbeat
Fri Jan  2 16:04:01 UTC 2026 heartbeat
Fri Jan  2 16:05:01 UTC 2026 heartbeat
Fri Jan  2 16:06:01 UTC 2026 heartbeat
Fri Jan  2 16:07:01 UTC 2026 heartbeat
Fri Jan  2 16:08:01 UTC 2026 heartbeat
Fri Jan  2 16:09:01 UTC 2026 heartbeat
Fri Jan  2 16:10:01 UTC 2026 heartbeat
Fri Jan  2 16:11:01 UTC 2026 heartbeat
Fri Jan  2 16:12:01 UTC 2026 heartbeat
Fri Jan  2 16:13:01 UTC 2026 heartbeat
Fri Jan  2 16:14:01 UTC 2026 heartbeat
Fri Jan  2 16:15:01 UTC 2026 heartbeat
Fri Jan  2 16:16:01 UTC 2026 heartbeat
Fri Jan  2 16:17:01 UTC 2026 heartbeat
Fri Jan  2 16:18:01 UTC 2026 heartbeat
Fri Jan  2 16:19:01 UTC 2026 heartbeat
Fri Jan  2 16:20:01 UTC 2026 heartbeat
Fri Jan  2 16:21:01 UTC 2026 heartbeat
Fri Jan  2 16:22:01 UTC 2026 heartbeat
Fri Jan  2 16:23:01 UTC 2026 heartbeat
Fri Jan  2 16:24:01 UTC 2026 heartbeat
Fri Jan  2 16:25:01 UTC 2026 heartbeat
Fri Jan  2 16:26:01 UTC 2026 heartbeat
Fri Jan  2 16:27:01 UTC 2026 heartbeat
Fri Jan  2 16:28:01 UTC 2026 heartbeat
Fri Jan  2 16:29:01 UTC 2026 heartbeat
Fri Jan  2 16:30:01 UTC 2026 heartbeat
Fri Jan  2 16:31:01 UTC 2026 heartbeat
Fri Jan  2 16:32:40 UTC 2026 heartbeat
Fri Jan  2 16:33:01 UTC 2026 heartbeat
Fri Jan  2 16:34:01 UTC 2026 heartbeat
Fri Jan  2 16:35:01 UTC 2026 heartbeat
Fri Jan  2 16:36:01 UTC 2026 heartbeat
Fri Jan  2 16:37:01 UTC 2026 heartbeat
Fri Jan  2 16:38:01 UTC 2026 heartbeat
Fri Jan  2 16:39:01 UTC 2026 heartbeat
Fri Jan  2 16:40:01 UTC 2026 heartbeat
Fri Jan  2 16:41:01 UTC 2026 heartbeat
Fri Jan  2 16:42:01 UTC 2026 heartbeat
Fri Jan  2 16:43:01 UTC 2026 heartbeat
Fri Jan  2 16:44:01 UTC 2026 heartbeat
Fri Jan  2 16:45:01 UTC 2026 heartbeat
Fri Jan  2 16:46:01 UTC 2026 heartbeat
Fri Jan  2 16:47:01 UTC 2026 heartbeat
Fri Jan  2 16:48:01 UTC 2026 heartbeat
Fri Jan  2 16:49:01 UTC 2026 heartbeat
Fri Jan  2 16:50:01 UTC 2026 heartbeat
Fri Jan  2 16:51:01 UTC 2026 heartbeat
Fri Jan  2 16:52:01 UTC 2026 heartbeat
Fri Jan  2 16:53:01 UTC 2026 heartbeat
Fri Jan  2 16:54:01 UTC 2026 heartbeat
Fri Jan  2 16:55:01 UTC 2026 heartbeat
Fri Jan  2 16:56:01 UTC 2026 heartbeat
Fri Jan  2 16:57:01 UTC 2026 heartbeat
Fri Jan  2 16:58:01 UTC 2026 heartbeat
Fri Jan  2 16:59:01 UTC 2026 heartbeat
Fri Jan  2 17:00:01 UTC 2026 heartbeat
Fri Jan  2 17:01:01 UTC 2026 heartbeat
Fri Jan  2 17:02:01 UTC 2026 heartbeat
Fri Jan  2 17:03:01 UTC 2026 heartbeat
Fri Jan  2 17:04:01 UTC 2026 heartbeat
Fri Jan  2 17:05:01 UTC 2026 heartbeat
Fri Jan  2 17:06:01 UTC 2026 heartbeat
Fri Jan  2 17:07:01 UTC 2026 heartbeat
Fri Jan  2 17:08:01 UTC 2026 heartbeat
Fri Jan  2 17:09:01 UTC 2026 heartbeat
Fri Jan  2 17:10:01 UTC 2026 heartbeat
Fri Jan  2 17:11:01 UTC 2026 heartbeat
Fri Jan  2 17:12:01 UTC 2026 heartbeat
Fri Jan  2 17:13:01 UTC 2026 heartbeat
Fri Jan  2 17:14:01 UTC 2026 heartbeat
Fri Jan  2 17:15:01 UTC 2026 heartbeat
Fri Jan  2 17:16:01 UTC 2026 heartbeat
Fri Jan  2 17:17:01 UTC 2026 heartbeat
Fri Jan  2 17:18:01 UTC 2026 heartbeat
Fri Jan  2 17:19:01 UTC 2026 heartbeat
Fri Jan  2 17:20:01 UTC 2026 heartbeat
Fri Jan  2 17:21:01 UTC 2026 heartbeat
Fri Jan  2 17:22:01 UTC 2026 heartbeat
Fri Jan  2 17:23:01 UTC 2026 heartbeat
Fri Jan  2 17:24:01 UTC 2026 heartbeat
Fri Jan  2 17:25:01 UTC 2026 heartbeat
Fri Jan  2 17:26:01 UTC 2026 heartbeat
Fri Jan  2 17:27:01 UTC 2026 heartbeat
Fri Jan  2 17:28:01 UTC 2026 heartbeat
Fri Jan  2 17:29:01 UTC 2026 heartbeat
Tue Jan  6 14:32:01 UTC 2026 heartbeat
Tue Jan  6 14:33:01 UTC 2026 heartbeat
Tue Jan  6 14:34:01 UTC 2026 heartbeat
Tue Jan  6 14:35:01 UTC 2026 heartbeat
Tue Jan  6 14:36:01 UTC 2026 heartbeat
Tue Jan  6 14:37:01 UTC 2026 heartbeat
Sat Jan 17 07:32:01 UTC 2026 heartbeat
Sat Jan 17 07:33:01 UTC 2026 heartbeat
Sat Jan 17 08:14:01 UTC 2026 heartbeat
Sat Jan 17 08:15:01 UTC 2026 heartbeat
Sat Jan 17 08:16:01 UTC 2026 heartbeat
Sat Jan 17 08:17:01 UTC 2026 heartbeat
Sat Jan 17 08:18:01 UTC 2026 heartbeat
"Sat Jan 17 08:19:01 UTC 2026 heartbeat"
"Sat Jan 17 08:20:01 UTC 2026 heartbeat"
"Sat Jan 17 08:21:01 UTC 2026 heartbeat"
"Sat Jan 17 08:22:01 UTC 2026 heartbeat"
"Sat Jan 17 08:23:01 UTC 2026 heartbeat"
"Sat Jan 17 08:24:01 UTC 2026 heartbeat"
"Sat Jan 17 08:25:01 UTC 2026 heartbeat"
"Sat Jan 17 08:26:01 UTC 2026 heartbeat"
"Sat Jan 17 08:27:01 UTC 2026 heartbeat"
"Sat Jan 17 08:28:01 UTC 2026 heartbeat"
"Sat Jan 17 08:29:01 UTC 2026 heartbeat"
"Sat Jan 17 08:30:01 UTC 2026 heartbeat"
"Sat Jan 17 08:31:01 UTC 2026 heartbeat"
"Sat Jan 17 08:32:01 UTC 2026 heartbeat"
"Sat Jan 17 08:33:01 UTC 2026 heartbeat"
"Sat Jan 17 08:34:01 UTC 2026 heartbeat"
"Sat Jan 17 08:35:01 UTC 2026 heartbeat"
